#
# A fatal error has been detected by the Java Runtime Environment:
#
#  SIGSEGV (0xb) at pc=0x00007af7ee12dc5b, pid=4118, tid=0x00007af8190bf080
#
# JRE version: OpenJDK Runtime Environment (8.0_482-b08) (build 1.8.0_482-8u482-ga~us1-0ubuntu1~24.04-b08)
# Java VM: OpenJDK 64-Bit Server VM (25.482-b08 mixed mode linux-amd64 compressed oops)
# Problematic frame:
# V  [libjvm.so+0x72dc5b]
#
# Failed to write core dump. Core dumps have been disabled. To enable core dumping, try "ulimit -c unlimited" before starting Java again
#
# If you would like to submit a bug report, please visit:
#   http://bugreport.java.com/bugreport/crash.jsp
#

---------------  T H R E A D  ---------------

Current thread (0x0000000017394000):  JavaThread "main" [_thread_in_vm, id=4118, stack(0x00007ffcbb7b1000,0x00007ffcbb8b1000)]

siginfo: si_signo: 11 (SIGSEGV), si_code: 1 (SEGV_MAPERR), si_addr: 0x0000000000000000

Registers:
RAX=0x0000000000000000, RBX=0x0000000017394000, RCX=0x00007ffcbb8adb88, RDX=0x00007af7ee7fa9b8
RSP=0x00007ffcbb8adaa0, RBP=0x00007ffcbb8adb50, RSI=0x0000000000000000, RDI=0x0000000017394000
R8 =0x00000000163a4010, R9 =0x0000000000000007, R10=0x0000000016c2e510, R11=0xc76555c89be55b41
R12=0x0000000017394260, R13=0x0000000000000000, R14=0x0000000000000000, R15=0x00007ffcbb8adb88
RIP=0x00007af7ee12dc5b, EFLAGS=0x0000000000010246, CSGSFS=0x002b000000000033, ERR=0x0000000000000004
  TRAPNO=0x000000000000000e

Top of Stack: (sp=0x00007ffcbb8adaa0)
0x00007ffcbb8adaa0:   00007ffcbb8adc30 ffffffffffffff78
0x00007ffcbb8adab0:   000000000000000b 0000000016c2e500
0x00007ffcbb8adac0:   0000000017394000 0000000000000000
0x00007ffcbb8adad0:   00007ffcbb8adc30 0000000016812780
0x00007ffcbb8adae0:   00007ffcbb8adb30 00007af7eecf90d8
0x00007ffcbb8adaf0:   00007ffcbb8adb38 00007ffcbb8adb30
0x00007ffcbb8adb00:   00007ffcbb8adc30 00007af7eeca7d1c
0x00007ffcbb8adb10:   00007af7ef194480 9f170c21ac845100
0x00007ffcbb8adb20:   00007ffcbb8adb60 00000000172f2b10
0x00007ffcbb8adb30:   00007ffcbb8adbb8 00007ffcbb8adc30
0x00007ffcbb8adb40:   00007af7ef194480 00007af7ef63aa98
0x00007ffcbb8adb50:   00007ffcbb8adc30 00007af7eeca6f06
0x00007ffcbb8adb60:   00007ffcbb8adc30 00007ffcbb8adc30
0x00007ffcbb8adb70:   00007ffcbb8adbb8 00007af7eeca8271
0x00007ffcbb8adb80:   00007af7ef63aa98 0000000016812780
0x00007ffcbb8adb90:   00007ffcbb8adc30 00007ffcbb8adbb8
0x00007ffcbb8adba0:   00007af7ef194480 00007af7eecc32b5
0x00007ffcbb8adbb0:   00007af7eecd0763 0000000017173c08
0x00007ffcbb8adbc0:   00007af7ef63a9f0 00007af7ef0b67f0
0x00007ffcbb8adbd0:   00007ffcbb8adc40 00007af7ef194480
0x00007ffcbb8adbe0:   00007ffcbb8adc10 00007af7eecc368b
0x00007ffcbb8adbf0:   00007af7eee097b0 00007ffcbb8adc28
0x00007ffcbb8adc00:   00000000172f2b10 00000000172160f0
0x00007ffcbb8adc10:   0000000016cb9c28 00007af7ef3a3fb0
0x00007ffcbb8adc20:   00007ffcbb8adc70 00000000172160f0
0x00007ffcbb8adc30:   0000000017394260 0000000017210100
0x00007ffcbb8adc40:   0000000017173c08 0000000000591426
0x00007ffcbb8adc50:   0000000000ba5748 00000000172160f0
0x00007ffcbb8adc60:   0000000000ba5748 00007af7ef63a9f0
0x00007ffcbb8adc70:   00007ffcbb8adcc0 00007af7ef0b67f0
0x00007ffcbb8adc80:   0000000017369ac0 00007af7ef0b67f0
0x00007ffcbb8adc90:   00007af8191f28b8 00000000005848e2 

Instructions: (pc=0x00007af7ee12dc5b)
0x00007af7ee12dc3b:   48 89 9d 70 ff ff ff 48 c7 85 78 ff ff ff 00 00
0x00007af7ee12dc4b:   00 00 74 0c 48 8d bd 70 ff ff ff e8 55 4c 2c 00
0x00007af7ee12dc5b:   49 8b 45 00 4c 8d 45 90 c7 85 60 ff ff ff 0c 00
0x00007af7ee12dc6b:   00 00 4c 89 c7 4c 89 85 58 ff ff ff 48 8b 40 08 

Register to memory mapping:

RAX=0x0000000000000000 is an unknown value
RBX=0x0000000017394000 is a thread
RCX=0x00007ffcbb8adb88 is pointing into the stack for thread: 0x0000000017394000
RDX=0x00007af7ee7fa9b8: <offset 0xdfa9b8> in /usr/lib/jvm/java-8-openjdk-amd64/jre/lib/amd64/server/libjvm.so at 0x00007af7eda00000
RSP=0x00007ffcbb8adaa0 is pointing into the stack for thread: 0x0000000017394000
RBP=0x00007ffcbb8adb50 is pointing into the stack for thread: 0x0000000017394000
RSI=0x0000000000000000 is an unknown value
RDI=0x0000000017394000 is a thread
R8 =0x00000000163a4010 is an unknown value
R9 =0x0000000000000007 is an unknown value
R10=0x0000000016c2e510 is an unknown value
R11=0xc76555c89be55b41 is an unknown value
R12=0x0000000017394260 is an unknown value
R13=0x0000000000000000 is an unknown value
R14=0x0000000000000000 is an unknown value
R15=0x00007ffcbb8adb88 is pointing into the stack for thread: 0x0000000017394000


Stack: [0x00007ffcbb7b1000,0x00007ffcbb8b1000],  sp=0x00007ffcbb8adaa0,  free space=1010k
Native frames: (J=compiled Java code, j=interpreted, Vv=VM code, C=native code)
V  [libjvm.so+0x72dc5b]
C  [_jpype.cpython-312-x86_64-linux-gnu.so+0x67f06]  JPJavaFrame::CallObjectMethodA(_jobject*, _jmethodID*, jvalue*)+0x16
C  0x0000000017210100


---------------  P R O C E S S  ---------------

Java Threads: ( => current thread )
  0x000000001a18a800 JavaThread "Service Thread" daemon [_thread_blocked, id=5803, stack(0x00007af7b98fa000,0x00007af7b99fa000)]
  0x000000001a189800 JavaThread "C1 CompilerThread11" daemon [_thread_blocked, id=5802, stack(0x00007af7b99fb000,0x00007af7b9afb000)]
  0x000000001a188000 JavaThread "C1 CompilerThread10" daemon [_thread_blocked, id=5801, stack(0x00007af7b9afc000,0x00007af7b9bfc000)]
  0x000000001a186800 JavaThread "C1 CompilerThread9" daemon [_thread_blocked, id=5800, stack(0x00007af7b9bfd000,0x00007af7b9cfd000)]
  0x000000001a185000 JavaThread "C1 CompilerThread8" daemon [_thread_blocked, id=5799, stack(0x00007af7b9cfe000,0x00007af7b9dfe000)]
  0x000000001a183800 JavaThread "C2 CompilerThread7" daemon [_thread_blocked, id=5798, stack(0x00007af7b9dff000,0x00007af7b9eff000)]
  0x000000001a182800 JavaThread "C2 CompilerThread6" daemon [_thread_blocked, id=5797, stack(0x00007af7b9f00000,0x00007af7ba000000)]
  0x000000001a181800 JavaThread "C2 CompilerThread5" daemon [_thread_blocked, id=5796, stack(0x00007af7d40fb000,0x00007af7d41fb000)]
  0x000000001a181000 JavaThread "C2 CompilerThread4" daemon [_thread_blocked, id=5795, stack(0x00007af7d41fc000,0x00007af7d42fc000)]
  0x000000001a178000 JavaThread "C2 CompilerThread3" daemon [_thread_blocked, id=5794, stack(0x00007af7d42fd000,0x00007af7d43fd000)]
  0x000000001a177000 JavaThread "C2 CompilerThread2" daemon [_thread_blocked, id=5793, stack(0x00007af7d43fe000,0x00007af7d44fe000)]
  0x000000001a176000 JavaThread "C2 CompilerThread1" daemon [_thread_blocked, id=5792, stack(0x00007af7d44ff000,0x00007af7d45ff000)]
  0x000000001a170000 JavaThread "C2 CompilerThread0" daemon [_thread_blocked, id=5791, stack(0x00007af7d4600000,0x00007af7d4700000)]
  0x000000001a15f800 JavaThread "Signal Dispatcher" daemon [_thread_blocked, id=5790, stack(0x00007af7d4700000,0x00007af7d4800000)]
  0x000000001a149000 JavaThread "Finalizer" daemon [_thread_blocked, id=5789, stack(0x00007af7ec05f000,0x00007af7ec15f000)]
  0x000000001a146000 JavaThread "Reference Handler" daemon [_thread_blocked, id=5788, stack(0x00007af7ec15f000,0x00007af7ec25f000)]
=>0x0000000017394000 JavaThread "main" [_thread_in_vm, id=4118, stack(0x00007ffcbb7b1000,0x00007ffcbb8b1000)]

Other Threads:
  0x000000001a13f800 VMThread [stack: 0x00007af7ec260000,0x00007af7ec360000] [id=5787]
  0x000000001a18d000 WatcherThread [stack: 0x00007af7b97fa000,0x00007af7b98fa000] [id=5804]

VM state:not at safepoint (normal execution)

VM Mutex/Monitor currently owned by a thread: None

heap address: 0x00000000c0000000, size: 1024 MB, Compressed Oops mode: 32-bit
Narrow klass base: 0x0000000000000000, Narrow klass shift: 3
Compressed class space size: 1073741824 Address: 0x0000000100000000

Heap:
 PSYoungGen      total 74752K, used 2580K [0x00000000eab00000, 0x00000000efe00000, 0x0000000100000000)
  eden space 64512K, 4% used [0x00000000eab00000,0x00000000ead85208,0x00000000eea00000)
  from space 10240K, 0% used [0x00000000ef400000,0x00000000ef400000,0x00000000efe00000)
  to   space 10240K, 0% used [0x00000000eea00000,0x00000000eea00000,0x00000000ef400000)
 ParOldGen       total 171008K, used 0K [0x00000000c0000000, 0x00000000ca700000, 0x00000000eab00000)
  object space 171008K, 0% used [0x00000000c0000000,0x00000000c0000000,0x00000000ca700000)
 Metaspace       used 2826K, capacity 4480K, committed 4480K, reserved 1056768K
  class space    used 295K, capacity 384K, committed 384K, reserved 1048576K

Card table byte_map: [0x00007af7ed43f000,0x00007af7ed640000] byte_map_base: 0x00007af7ece3f000

Marking Bits: (ParMarkBitMap*) 0x00007af7ee7fe740
 Begin Bits: [0x00007af7ba000000, 0x00007af7bb000000)
 End Bits:   [0x00007af7bb000000, 0x00007af7bc000000)

Polling page: 0x00007af8191f1000

CodeCache: size=245760Kb used=2819Kb max_used=2819Kb free=242940Kb
 bounds [0x00007af7d5000000, 0x00007af7d52d0000, 0x00007af7e4000000]
 total_blobs=289 nmethods=39 adapters=161
 compilation: enabled

Compilation events (10 events):
Event: 0.041 Thread 0x000000001a189800 nmethod 33 0x00007af7d52bb110 code [0x00007af7d52bb260, 0x00007af7d52bb4d0]
Event: 0.041 Thread 0x000000001a185000 nmethod 34 0x00007af7d52bb550 code [0x00007af7d52bb6a0, 0x00007af7d52bb7b0]
Event: 0.041 Thread 0x000000001a186800   35       3       java.util.Arrays::copyOf (19 bytes)
Event: 0.041 Thread 0x000000001a186800 nmethod 35 0x00007af7d52bab50 code [0x00007af7d52bace0, 0x00007af7d52bb008]
Event: 0.042 Thread 0x000000001a189800   36       3       java.util.jar.Attributes$Name::isValid (32 bytes)
Event: 0.042 Thread 0x000000001a185000   37       3       java.util.jar.Attributes$Name::isAlpha (30 bytes)
Event: 0.042 Thread 0x000000001a185000 nmethod 37 0x00007af7d52bdb10 code [0x00007af7d52bdc80, 0x00007af7d52bdeb0]
Event: 0.042 Thread 0x000000001a189800 nmethod 36 0x00007af7d52bdf10 code [0x00007af7d52be0a0, 0x00007af7d52be530]
Event: 0.047 Thread 0x000000001a188000   39       3       java.util.HashMap::hash (20 bytes)
Event: 0.047 Thread 0x000000001a188000 nmethod 39 0x00007af7d52bf7d0 code [0x00007af7d52bf940, 0x00007af7d52bfb88]

GC Heap History (0 events):
No events

Deoptimization events (0 events):
No events

Classes redefined (0 events):
No events

Internal exceptions (7 events):
Event: 0.011 Thread 0x0000000017394000 Exception <a 'java/lang/NoSuchMethodError': Method sun.misc.Unsafe.defineClass(Ljava/lang/String;[BII)Ljava/lang/Class; name or signature does not match> (0x00000000eab07cd8) thrown at [./src/hotspot/src/share/vm/prims/jni.cpp, line 4015]
Event: 0.011 Thread 0x0000000017394000 Exception <a 'java/lang/NoSuchMethodError': Method sun.misc.Unsafe.prefetchRead(Ljava/lang/Object;J)V name or signature does not match> (0x00000000eab07fc0) thrown at [./src/hotspot/src/share/vm/prims/jni.cpp, line 4015]
Event: 0.033 Thread 0x0000000017394000 Exception <a 'java/util/zip/ZipException'> (0x00000000eab643a0) thrown at [./src/hotspot/src/share/vm/prims/jni.cpp, line 712]
Event: 0.033 Thread 0x0000000017394000 Exception <a 'java/security/PrivilegedActionException'> (0x00000000eab64640) thrown at [./src/hotspot/src/share/vm/prims/jvm.cpp, line 1512]
Event: 0.033 Thread 0x0000000017394000 Exception <a 'java/security/PrivilegedActionException'> (0x00000000eab64850) thrown at [./src/hotspot/src/share/vm/prims/jvm.cpp, line 1512]
Event: 0.051 Thread 0x0000000017394000 Exception <a 'java/lang/UnsupportedClassVersionError': org/jpype/JPypeClassLoader has been compiled by a more recent version of the Java Runtime (class file version 55.0), this version of the Java Runtime only recognizes class file versions up to 52.0> (0
Event: 0.051 Thread 0x0000000017394000 Exception <a 'java/lang/UnsupportedClassVersionError'> (0x00000000eabfb1e8) thrown at [./src/hotspot/src/share/vm/prims/jvm.cpp, line 1518]

Events (10 events):
Event: 0.050 loading class java/security/UnresolvedPermission
Event: 0.050 loading class java/security/UnresolvedPermission done
Event: 0.050 loading class java/security/BasicPermissionCollection
Event: 0.050 loading class java/security/BasicPermissionCollection done
Event: 0.050 loading class java/lang/UnsupportedClassVersionError
Event: 0.050 loading class java/lang/ClassFormatError
Event: 0.051 loading class java/lang/ClassFormatError done
Event: 0.051 loading class java/lang/UnsupportedClassVersionError done
Event: 4.030 Executing VM operation: EnableBiasedLocking
Event: 4.030 Executing VM operation: EnableBiasedLocking done


Dynamic libraries:
00400000-00420000 r--p 00000000 08:30 10120                              /usr/bin/python3.12
00420000-00703000 r-xp 00020000 08:30 10120                              /usr/bin/python3.12
00703000-00a27000 r--p 00303000 08:30 10120                              /usr/bin/python3.12
00a27000-00a28000 r--p 00627000 08:30 10120                              /usr/bin/python3.12
00a28000-00ba6000 rw-p 00628000 08:30 10120                              /usr/bin/python3.12
00ba6000-00baa000 rw-p 00000000 00:00 0 
163a4000-1a3ba000 rw-p 00000000 00:00 0                                  [heap]
c0000000-ca700000 rw-p 00000000 00:00 0 
ca700000-eab00000 ---p 00000000 00:00 0 
eab00000-efe00000 rw-p 00000000 00:00 0 
efe00000-100000000 ---p 00000000 00:00 0 
100000000-100060000 rw-p 00000000 00:00 0 
100060000-140000000 ---p 00000000 00:00 0 
7af754000000-7af754021000 rw-p 00000000 00:00 0 
7af754021000-7af758000000 ---p 00000000 00:00 0 
7af758000000-7af758021000 rw-p 00000000 00:00 0 
7af758021000-7af75c000000 ---p 00000000 00:00 0 
7af75c000000-7af75c021000 rw-p 00000000 00:00 0 
7af75c021000-7af760000000 ---p 00000000 00:00 0 
7af760000000-7af760021000 rw-p 00000000 00:00 0 
7af760021000-7af764000000 ---p 00000000 00:00 0 
7af764000000-7af764021000 rw-p 00000000 00:00 0 
7af764021000-7af768000000 ---p 00000000 00:00 0 
7af768000000-7af768021000 rw-p 00000000 00:00 0 
7af768021000-7af76c000000 ---p 00000000 00:00 0 
7af76c000000-7af76c021000 rw-p 00000000 00:00 0 
7af76c021000-7af770000000 ---p 00000000 00:00 0 
7af770000000-7af770021000 rw-p 00000000 00:00 0 
7af770021000-7af774000000 ---p 00000000 00:00 0 
7af774000000-7af774021000 rw-p 00000000 00:00 0 
7af774021000-7af778000000 ---p 00000000 00:00 0 
7af778000000-7af778021000 rw-p 00000000 00:00 0 
7af778021000-7af77c000000 ---p 00000000 00:00 0 
7af77c000000-7af77c021000 rw-p 00000000 00:00 0 
7af77c021000-7af780000000 ---p 00000000 00:00 0 
7af780000000-7af780021000 rw-p 00000000 00:00 0 
7af780021000-7af784000000 ---p 00000000 00:00 0 
7af784000000-7af784070000 rw-p 00000000 00:00 0 
7af784070000-7af788000000 ---p 00000000 00:00 0 
7af788000000-7af788021000 rw-p 00000000 00:00 0 
7af788021000-7af78c000000 ---p 00000000 00:00 0 
7af78c000000-7af78c021000 rw-p 00000000 00:00 0 
7af78c021000-7af790000000 ---p 00000000 00:00 0 
7af790000000-7af790021000 rw-p 00000000 00:00 0 
7af790021000-7af794000000 ---p 00000000 00:00 0 
7af794000000-7af794021000 rw-p 00000000 00:00 0 
7af794021000-7af798000000 ---p 00000000 00:00 0 
7af798000000-7af798021000 rw-p 00000000 00:00 0 
7af798021000-7af79c000000 ---p 00000000 00:00 0 
7af79c000000-7af79c021000 rw-p 00000000 00:00 0 
7af79c021000-7af7a0000000 ---p 00000000 00:00 0 
7af7a0000000-7af7a0021000 rw-p 00000000 00:00 0 
7af7a0021000-7af7a4000000 ---p 00000000 00:00 0 
7af7a4000000-7af7a4021000 rw-p 00000000 00:00 0 
7af7a4021000-7af7a8000000 ---p 00000000 00:00 0 
7af7a8000000-7af7a8021000 rw-p 00000000 00:00 0 
7af7a8021000-7af7ac000000 ---p 00000000 00:00 0 
7af7ac000000-7af7ac021000 rw-p 00000000 00:00 0 
7af7ac021000-7af7b0000000 ---p 00000000 00:00 0 
7af7b0000000-7af7b0021000 rw-p 00000000 00:00 0 
7af7b0021000-7af7b4000000 ---p 00000000 00:00 0 
7af7b4000000-7af7b4021000 rw-p 00000000 00:00 0 
7af7b4021000-7af7b8000000 ---p 00000000 00:00 0 
7af7b97f9000-7af7b97fa000 ---p 00000000 00:00 0 
7af7b97fa000-7af7b98fa000 rw-p 00000000 00:00 0 
7af7b98fa000-7af7b98fd000 ---p 00000000 00:00 0 
7af7b98fd000-7af7b99fa000 rw-p 00000000 00:00 0 
7af7b99fa000-7af7b99fb000 ---p 00000000 00:00 0 
7af7b99fb000-7af7b99fe000 ---p 00000000 00:00 0 
7af7b99fe000-7af7b9afb000 rw-p 00000000 00:00 0 
7af7b9afb000-7af7b9afc000 ---p 00000000 00:00 0 
7af7b9afc000-7af7b9aff000 ---p 00000000 00:00 0 
7af7b9aff000-7af7b9bfc000 rw-p 00000000 00:00 0 
7af7b9bfc000-7af7b9bfd000 ---p 00000000 00:00 0 
7af7b9bfd000-7af7b9c00000 ---p 00000000 00:00 0 
7af7b9c00000-7af7b9cfd000 rw-p 00000000 00:00 0 
7af7b9cfd000-7af7b9cfe000 ---p 00000000 00:00 0 
7af7b9cfe000-7af7b9d01000 ---p 00000000 00:00 0 
7af7b9d01000-7af7b9dfe000 rw-p 00000000 00:00 0 
7af7b9dfe000-7af7b9dff000 ---p 00000000 00:00 0 
7af7b9dff000-7af7b9e02000 ---p 00000000 00:00 0 
7af7b9e02000-7af7b9eff000 rw-p 00000000 00:00 0 
7af7b9eff000-7af7b9f00000 ---p 00000000 00:00 0 
7af7b9f00000-7af7b9f03000 ---p 00000000 00:00 0 
7af7b9f03000-7af7bc021000 rw-p 00000000 00:00 0 
7af7bc021000-7af7c0000000 ---p 00000000 00:00 0 
7af7c0000000-7af7c0021000 rw-p 00000000 00:00 0 
7af7c0021000-7af7c4000000 ---p 00000000 00:00 0 
7af7c4000000-7af7c4021000 rw-p 00000000 00:00 0 
7af7c4021000-7af7c8000000 ---p 00000000 00:00 0 
7af7c8000000-7af7c8021000 rw-p 00000000 00:00 0 
7af7c8021000-7af7cc000000 ---p 00000000 00:00 0 
7af7cc000000-7af7cc021000 rw-p 00000000 00:00 0 
7af7cc021000-7af7d0000000 ---p 00000000 00:00 0 
7af7d0000000-7af7d0021000 rw-p 00000000 00:00 0 
7af7d0021000-7af7d4000000 ---p 00000000 00:00 0 
7af7d40fa000-7af7d40fb000 ---p 00000000 00:00 0 
7af7d40fb000-7af7d40fe000 ---p 00000000 00:00 0 
7af7d40fe000-7af7d41fb000 rw-p 00000000 00:00 0 
7af7d41fb000-7af7d41fc000 ---p 00000000 00:00 0 
7af7d41fc000-7af7d41ff000 ---p 00000000 00:00 0 
7af7d41ff000-7af7d42fc000 rw-p 00000000 00:00 0 
7af7d42fc000-7af7d42fd000 ---p 00000000 00:00 0 
7af7d42fd000-7af7d4300000 ---p 00000000 00:00 0 
7af7d4300000-7af7d43fd000 rw-p 00000000 00:00 0 
7af7d43fd000-7af7d43fe000 ---p 00000000 00:00 0 
7af7d43fe000-7af7d4401000 ---p 00000000 00:00 0 
7af7d4401000-7af7d44fe000 rw-p 00000000 00:00 0 
7af7d44fe000-7af7d44ff000 ---p 00000000 00:00 0 
7af7d44ff000-7af7d4502000 ---p 00000000 00:00 0 
7af7d4502000-7af7d45ff000 rw-p 00000000 00:00 0 
7af7d45ff000-7af7d4600000 ---p 00000000 00:00 0 
7af7d4600000-7af7d4603000 ---p 00000000 00:00 0 
7af7d4603000-7af7d4700000 rw-p 00000000 00:00 0 
7af7d4700000-7af7d4703000 ---p 00000000 00:00 0 
7af7d4703000-7af7d4c00000 rw-p 00000000 00:00 0 
7af7d4c00000-7af7d5000000 ---p 00000000 00:00 0 
7af7d5000000-7af7d52d0000 rwxp 00000000 00:00 0 
7af7d52d0000-7af7e4000000 ---p 00000000 00:00 0 
7af7e4000000-7af7e4021000 rw-p 00000000 00:00 0 
7af7e4021000-7af7e8000000 ---p 00000000 00:00 0 
7af7e8000000-7af7e802a000 rw-p 00000000 00:00 0 
7af7e802a000-7af7ec000000 ---p 00000000 00:00 0 
7af7ec05f000-7af7ec062000 ---p 00000000 00:00 0 
7af7ec062000-7af7ec15f000 rw-p 00000000 00:00 0 
7af7ec15f000-7af7ec162000 ---p 00000000 00:00 0 
7af7ec162000-7af7ec25f000 rw-p 00000000 00:00 0 
7af7ec25f000-7af7ec260000 ---p 00000000 00:00 0 
7af7ec260000-7af7ec360000 rw-p 00000000 00:00 0 
7af7ec360000-7af7ec532000 r--s 03cd8000 08:30 78839                      /usr/lib/jvm/java-8-openjdk-amd64/jre/lib/rt.jar
7af7ec532000-7af7ec732000 rw-p 00000000 00:00 0 
7af7ec732000-7af7ec733000 ---p 00000000 00:00 0 
7af7ec733000-7af7ec833000 rw-p 00000000 00:00 0 
7af7ec833000-7af7ec834000 ---p 00000000 00:00 0 
7af7ec834000-7af7ec934000 rw-p 00000000 00:00 0 
7af7ec934000-7af7ec935000 ---p 00000000 00:00 0 
7af7ec935000-7af7eca35000 rw-p 00000000 00:00 0 
7af7eca35000-7af7eca36000 ---p 00000000 00:00 0 
7af7eca36000-7af7ecb36000 rw-p 00000000 00:00 0 
7af7ecb36000-7af7ecb37000 ---p 00000000 00:00 0 
7af7ecb37000-7af7ecc37000 rw-p 00000000 00:00 0 
7af7ecc37000-7af7ecc38000 ---p 00000000 00:00 0 
7af7ecc38000-7af7ecd38000 rw-p 00000000 00:00 0 
7af7ecd38000-7af7ecd39000 ---p 00000000 00:00 0 
7af7ecd39000-7af7ece39000 rw-p 00000000 00:00 0 
7af7ece39000-7af7ece3a000 ---p 00000000 00:00 0 
7af7ece3a000-7af7ecf3a000 rw-p 00000000 00:00 0 
7af7ecf3a000-7af7ecf3b000 ---p 00000000 00:00 0 
7af7ecf3b000-7af7ed03b000 rw-p 00000000 00:00 0 
7af7ed03b000-7af7ed03c000 ---p 00000000 00:00 0 
7af7ed03c000-7af7ed13c000 rw-p 00000000 00:00 0 
7af7ed13c000-7af7ed13d000 ---p 00000000 00:00 0 
7af7ed13d000-7af7ed23d000 rw-p 00000000 00:00 0 
7af7ed23d000-7af7ed23e000 ---p 00000000 00:00 0 
7af7ed23e000-7af7ed33e000 rw-p 00000000 00:00 0 
7af7ed33e000-7af7ed33f000 ---p 00000000 00:00 0 
7af7ed33f000-7af7ed493000 rw-p 00000000 00:00 0 
7af7ed493000-7af7ed594000 ---p 00000000 00:00 0 
7af7ed594000-7af7ed5be000 rw-p 00000000 00:00 0 
7af7ed5be000-7af7ed63f000 ---p 00000000 00:00 0 
7af7ed63f000-7af7ed64c000 rw-p 00000000 00:00 0 
7af7ed64c000-7af7eda00000 ---p 00000000 00:00 0 
7af7eda00000-7af7edbf6000 r--p 00000000 08:30 78796                      /usr/lib/jvm/java-8-openjdk-amd64/jre/lib/amd64/server/libjvm.so
7af7edbf6000-7af7ee57e000 r-xp 001f6000 08:30 78796                      /usr/lib/jvm/java-8-openjdk-amd64/jre/lib/amd64/server/libjvm.so
7af7ee57e000-7af7ee729000 r--p 00b7e000 08:30 78796                      /usr/lib/jvm/java-8-openjdk-amd64/jre/lib/amd64/server/libjvm.so
7af7ee729000-7af7ee7bf000 r--p 00d29000 08:30 78796                      /usr/lib/jvm/java-8-openjdk-amd64/jre/lib/amd64/server/libjvm.so
7af7ee7bf000-7af7ee7e8000 rw-p 00dbf000 08:30 78796                      /usr/lib/jvm/java-8-openjdk-amd64/jre/lib/amd64/server/libjvm.so
7af7ee7e8000-7af7ee81b000 rw-p 00000000 00:00 0 
7af7ee8a8000-7af7ee8fc000 rw-p 00000000 00:00 0 
7af7ee8fc000-7af7ee9fe000 ---p 00000000 00:00 0 
7af7ee9fe000-7af7eebfe000 rw-p 00000000 00:00 0 
7af7eec23000-7af7eec28000 r--p 00000000 08:30 78785                      /usr/lib/jvm/java-8-openjdk-amd64/jre/lib/amd64/libnet.so
7af7eec28000-7af7eec39000 r-xp 00005000 08:30 78785                      /usr/lib/jvm/java-8-openjdk-amd64/jre/lib/amd64/libnet.so
7af7eec39000-7af7eec3d000 r--p 00016000 08:30 78785                      /usr/lib/jvm/java-8-openjdk-amd64/jre/lib/amd64/libnet.so
7af7eec3d000-7af7eec3e000 r--p 00019000 08:30 78785                      /usr/lib/jvm/java-8-openjdk-amd64/jre/lib/amd64/libnet.so
7af7eec3e000-7af7eec3f000 rw-p 0001a000 08:30 78785                      /usr/lib/jvm/java-8-openjdk-amd64/jre/lib/amd64/libnet.so
7af7eec3f000-7af7eec7a000 r--p 00000000 08:30 79162                      /home/kys/venv/lib/python3.12/site-packages/_jpype.cpython-312-x86_64-linux-gnu.so
7af7eec7a000-7af7eecce000 r-xp 0003b000 08:30 79162                      /home/kys/venv/lib/python3.12/site-packages/_jpype.cpython-312-x86_64-linux-gnu.so
7af7eecce000-7af7eecf6000 r--p 0008f000 08:30 79162                      /home/kys/venv/lib/python3.12/site-packages/_jpype.cpython-312-x86_64-linux-gnu.so
7af7eecf6000-7af7eecf7000 ---p 000b7000 08:30 79162                      /home/kys/venv/lib/python3.12/site-packages/_jpype.cpython-312-x86_64-linux-gnu.so
7af7eecf7000-7af7eecfb000 r--p 000b7000 08:30 79162                      /home/kys/venv/lib/python3.12/site-packages/_jpype.cpython-312-x86_64-linux-gnu.so
7af7eecfb000-7af7eecff000 rw-p 000bb000 08:30 79162                      /home/kys/venv/lib/python3.12/site-packages/_jpype.cpython-312-x86_64-linux-gnu.so
7af7eecff000-7af7ef7ff000 rw-p 00000000 00:00 0 
7af7ef7ff000-7af7ef800000 ---p 00000000 00:00 0 
7af7ef800000-7af7f0021000 rw-p 00000000 00:00 0 
7af7f0021000-7af7f4000000 ---p 00000000 00:00 0 
7af7f4000000-7af7f4021000 rw-p 00000000 00:00 0 
7af7f4021000-7af7f8000000 ---p 00000000 00:00 0 
7af7f8000000-7af7f8021000 rw-p 00000000 00:00 0 
7af7f8021000-7af7fc000000 ---p 00000000 00:00 0 
7af7fc000000-7af7fc021000 rw-p 00000000 00:00 0 
7af7fc021000-7af800000000 ---p 00000000 00:00 0 
7af800000000-7af800021000 rw-p 00000000 00:00 0 
7af800021000-7af804000000 ---p 00000000 00:00 0 
7af804006000-7af80400d000 r--p 00000000 08:30 78786                      /usr/lib/jvm/java-8-openjdk-amd64/jre/lib/amd64/libnio.so
7af80400d000-7af804016000 r-xp 00007000 08:30 78786                      /usr/lib/jvm/java-8-openjdk-amd64/jre/lib/amd64/libnio.so
7af804016000-7af804019000 r--p 00010000 08:30 78786                      /usr/lib/jvm/java-8-openjdk-amd64/jre/lib/amd64/libnio.so
7af804019000-7af80401a000 r--p 00012000 08:30 78786                      /usr/lib/jvm/java-8-openjdk-amd64/jre/lib/amd64/libnio.so
7af80401a000-7af80401b000 rw-p 00013000 08:30 78786                      /usr/lib/jvm/java-8-openjdk-amd64/jre/lib/amd64/libnio.so
7af80401b000-7af80401e000 r--s 00018000 08:30 79367                      /home/kys/venv/lib/python3.12/site-packages/org.jpype.jar
7af80401e000-7af804023000 r--s 001a4000 08:30 79485                      /home/kys/venv/lib/python3.12/site-packages/konlpy/java/open-korean-text-2.1.0.jar
7af804023000-7af804025000 r--s 0000b000 08:30 79490                      /home/kys/venv/lib/python3.12/site-packages/konlpy/java/twitter-text-1.14.7.jar
7af804025000-7af804029000 r--s 00025000 08:30 79482                      /home/kys/venv/lib/python3.12/site-packages/konlpy/java/jhannanum-0.8.4.jar
7af804029000-7af804060000 r--s 004ca000 08:30 79486                      /home/kys/venv/lib/python3.12/site-packages/konlpy/java/scala-library-2.12.3.jar
7af804060000-7af804460000 rw-p 00000000 00:00 0 
7af804460000-7af804461000 ---p 00000000 00:00 0 
7af804461000-7af804f61000 rw-p 00000000 00:00 0 
7af804f61000-7af804f63000 r--s 00012000 08:30 79481                      /home/kys/venv/lib/python3.12/site-packages/konlpy/java/aho-corasick.jar
7af804f63000-7af804f66000 r--s 0001e000 08:30 79484                      /home/kys/venv/lib/python3.12/site-packages/konlpy/java/komoran-3.0.jar
7af804f66000-7af804f68000 r--s 00008000 08:30 79487                      /home/kys/venv/lib/python3.12/site-packages/konlpy/java/shineware-common-1.0.jar
7af804f68000-7af804f6b000 r--s 0075b000 08:30 79483                      /home/kys/venv/lib/python3.12/site-packages/konlpy/java/kkma-2.0.jar
7af804f6b000-7af804f72000 r--s 0003c000 08:30 79489                      /home/kys/venv/lib/python3.12/site-packages/konlpy/java/snakeyaml-1.12.jar
7af804f72000-7af804f74000 r--s 00001000 08:30 78808                      /usr/lib/jvm/java-8-openjdk-amd64/jre/lib/ext/dnsns.jar
7af804f74000-7af804f77000 r--s 00042000 08:30 78815                      /usr/lib/jvm/java-8-openjdk-amd64/jre/lib/ext/sunpkcs11.jar
7af804f77000-7af804f7a000 r--s 0000f000 08:30 78809                      /usr/lib/jvm/java-8-openjdk-amd64/jre/lib/ext/icedtea-sound.jar
7af804f7a000-7af804f7c000 r--s 00008000 08:30 78813                      /usr/lib/jvm/java-8-openjdk-amd64/jre/lib/ext/sunec.jar
7af804f7c000-7af804f97000 r--s 001d6000 08:30 78812                      /usr/lib/jvm/java-8-openjdk-amd64/jre/lib/ext/nashorn.jar
7af804f97000-7af804fa1000 r--s 00117000 08:30 78811                      /usr/lib/jvm/java-8-openjdk-amd64/jre/lib/ext/localedata.jar
7af804fa1000-7af804fbd000 r--s 00394000 08:30 78807                      /usr/lib/jvm/java-8-openjdk-amd64/jre/lib/ext/cldrdata.jar
7af804fbd000-7af804fc3000 r--s 0003e000 08:30 78814                      /usr/lib/jvm/java-8-openjdk-amd64/jre/lib/ext/sunjce_provider.jar
7af804fc3000-7af804fca000 r--s 000d3000 08:30 78832                      /usr/lib/jvm/java-8-openjdk-amd64/jre/lib/jfr.jar
7af804fca000-7af804fd7000 r--p 00000000 08:30 78774                      /usr/lib/jvm/java-8-openjdk-amd64/jre/lib/amd64/libjava.so
7af804fd7000-7af804ff0000 r-xp 0000d000 08:30 78774                      /usr/lib/jvm/java-8-openjdk-amd64/jre/lib/amd64/libjava.so
7af804ff0000-7af804ff7000 r--p 00026000 08:30 78774                      /usr/lib/jvm/java-8-openjdk-amd64/jre/lib/amd64/libjava.so
7af804ff7000-7af804ff8000 r--p 0002c000 08:30 78774                      /usr/lib/jvm/java-8-openjdk-amd64/jre/lib/amd64/libjava.so
7af804ff8000-7af804ffa000 rw-p 0002d000 08:30 78774                      /usr/lib/jvm/java-8-openjdk-amd64/jre/lib/amd64/libjava.so
7af804ffa000-7af804ffb000 ---p 00000000 00:00 0 
7af804ffb000-7af8057fb000 rw-p 00000000 00:00 0 
7af8057fb000-7af8057fc000 ---p 00000000 00:00 0 
7af8057fc000-7af805ffc000 rw-p 00000000 00:00 0 
7af805ffc000-7af805ffd000 ---p 00000000 00:00 0 
7af805ffd000-7af8067fd000 rw-p 00000000 00:00 0 
7af8067fd000-7af8067fe000 ---p 00000000 00:00 0 
7af8067fe000-7af806ffe000 rw-p 00000000 00:00 0 
7af806ffe000-7af806fff000 ---p 00000000 00:00 0 
7af806fff000-7af8077ff000 rw-p 00000000 00:00 0 
7af8077ff000-7af807800000 ---p 00000000 00:00 0 
7af807800000-7af808033000 rw-p 00000000 00:00 0 
7af808033000-7af80c000000 ---p 00000000 00:00 0 
7af80c000000-7af80c021000 rw-p 00000000 00:00 0 
7af80c021000-7af810000000 ---p 00000000 00:00 0 
7af810000000-7af8100c1000 rw-p 00000000 00:00 0 
7af8100c1000-7af814000000 ---p 00000000 00:00 0 
7af814000000-7af814001000 r--s 00003000 08:30 79488                      /home/kys/venv/lib/python3.12/site-packages/konlpy/java/shineware-ds-1.0.jar
7af814001000-7af814003000 r--s 00010000 08:30 78816                      /usr/lib/jvm/java-8-openjdk-amd64/jre/lib/ext/zipfs.jar
7af814003000-7af814005000 r--s 0000c000 08:30 77701                      /usr/share/java/java-atk-wrapper.jar
7af814005000-7af814019000 rw-p 00000000 00:00 0 
7af814019000-7af81401c000 r--p 00000000 08:30 78793                      /usr/lib/jvm/java-8-openjdk-amd64/jre/lib/amd64/libzip.so
7af81401c000-7af814021000 r-xp 00003000 08:30 78793                      /usr/lib/jvm/java-8-openjdk-amd64/jre/lib/amd64/libzip.so
7af814021000-7af814023000 r--p 00008000 08:30 78793                      /usr/lib/jvm/java-8-openjdk-amd64/jre/lib/amd64/libzip.so
7af814023000-7af814024000 r--p 00009000 08:30 78793                      /usr/lib/jvm/java-8-openjdk-amd64/jre/lib/amd64/libzip.so
7af814024000-7af814025000 rw-p 0000a000 08:30 78793                      /usr/lib/jvm/java-8-openjdk-amd64/jre/lib/amd64/libzip.so
7af814025000-7af81402d000 rw-s 00000000 08:30 49372                      /tmp/hsperfdata_kys/4118
7af81402d000-7af814032000 r--p 00000000 08:30 78792                      /usr/lib/jvm/java-8-openjdk-amd64/jre/lib/amd64/libverify.so
7af814032000-7af81403b000 r-xp 00005000 08:30 78792                      /usr/lib/jvm/java-8-openjdk-amd64/jre/lib/amd64/libverify.so
7af81403b000-7af81403d000 r--p 0000e000 08:30 78792                      /usr/lib/jvm/java-8-openjdk-amd64/jre/lib/amd64/libverify.so
7af81403d000-7af81403f000 r--p 0000f000 08:30 78792                      /usr/lib/jvm/java-8-openjdk-amd64/jre/lib/amd64/libverify.so
7af81403f000-7af814040000 rw-p 00011000 08:30 78792                      /usr/lib/jvm/java-8-openjdk-amd64/jre/lib/amd64/libverify.so
7af814040000-7af814041000 r--p 00000000 08:30 51085                      /usr/lib/x86_64-linux-gnu/libdl.so.2
7af814041000-7af814042000 r-xp 00001000 08:30 51085                      /usr/lib/x86_64-linux-gnu/libdl.so.2
7af814042000-7af814043000 r--p 00002000 08:30 51085                      /usr/lib/x86_64-linux-gnu/libdl.so.2
7af814043000-7af814044000 r--p 00002000 08:30 51085                      /usr/lib/x86_64-linux-gnu/libdl.so.2
7af814044000-7af814045000 rw-p 00003000 08:30 51085                      /usr/lib/x86_64-linux-gnu/libdl.so.2
7af814045000-7af814046000 r--s 0000a000 08:30 78810                      /usr/lib/jvm/java-8-openjdk-amd64/jre/lib/ext/jaccess.jar
7af814046000-7af814047000 r--p 00000000 08:30 49631                      /usr/lib/locale/C.utf8/LC_NUMERIC
7af814047000-7af814048000 r--p 00000000 08:30 49639                      /usr/lib/locale/C.utf8/LC_TIME
7af814048000-7af814049000 r--p 00000000 08:30 49532                      /usr/lib/locale/C.utf8/LC_COLLATE
7af814049000-7af81404a000 r--p 00000000 08:30 49618                      /usr/lib/locale/C.utf8/LC_MONETARY
7af81404a000-7af81404b000 r--p 00000000 08:30 49616                      /usr/lib/locale/C.utf8/LC_MESSAGES/SYS_LC_MESSAGES
7af81404b000-7af814053000 rw-p 00000000 00:00 0 
7af814053000-7af81405a000 r--p 00000000 08:30 64748                      /home/kys/venv/lib/python3.12/site-packages/debugpy/_vendored/pydevd/_pydevd_sys_monitoring/_pydevd_sys_monitoring_cython.cpython-312-x86_64-linux-gnu.so
7af81405a000-7af8140c6000 r-xp 00007000 08:30 64748                      /home/kys/venv/lib/python3.12/site-packages/debugpy/_vendored/pydevd/_pydevd_sys_monitoring/_pydevd_sys_monitoring_cython.cpython-312-x86_64-linux-gnu.so
7af8140c6000-7af8140cf000 r--p 00073000 08:30 64748                      /home/kys/venv/lib/python3.12/site-packages/debugpy/_vendored/pydevd/_pydevd_sys_monitoring/_pydevd_sys_monitoring_cython.cpython-312-x86_64-linux-gnu.so
7af8140cf000-7af8140d0000 r--p 0007c000 08:30 64748                      /home/kys/venv/lib/python3.12/site-packages/debugpy/_vendored/pydevd/_pydevd_sys_monitoring/_pydevd_sys_monitoring_cython.cpython-312-x86_64-linux-gnu.so
7af8140d0000-7af8140d2000 rw-p 0007d000 08:30 64748                      /home/kys/venv/lib/python3.12/site-packages/debugpy/_vendored/pydevd/_pydevd_sys_monitoring/_pydevd_sys_monitoring_cython.cpython-312-x86_64-linux-gnu.so
7af8140d2000-7af8140d3000 rw-p 00000000 00:00 0 
7af8140d3000-7af8140db000 r--p 00000000 08:30 64656                      /home/kys/venv/lib/python3.12/site-packages/debugpy/_vendored/pydevd/_pydevd_bundle/pydevd_cython.cpython-312-x86_64-linux-gnu.so
7af8140db000-7af814165000 r-xp 00008000 08:30 64656                      /home/kys/venv/lib/python3.12/site-packages/debugpy/_vendored/pydevd/_pydevd_bundle/pydevd_cython.cpython-312-x86_64-linux-gnu.so
7af814165000-7af814171000 r--p 00092000 08:30 64656                      /home/kys/venv/lib/python3.12/site-packages/debugpy/_vendored/pydevd/_pydevd_bundle/pydevd_cython.cpython-312-x86_64-linux-gnu.so
7af814171000-7af814173000 r--p 0009d000 08:30 64656                      /home/kys/venv/lib/python3.12/site-packages/debugpy/_vendored/pydevd/_pydevd_bundle/pydevd_cython.cpython-312-x86_64-linux-gnu.so
7af814173000-7af814176000 rw-p 0009f000 08:30 64656                      /home/kys/venv/lib/python3.12/site-packages/debugpy/_vendored/pydevd/_pydevd_bundle/pydevd_cython.cpython-312-x86_64-linux-gnu.so
7af814176000-7af81437f000 rw-p 00000000 00:00 0 
7af81437f000-7af814380000 ---p 00000000 00:00 0 
7af814380000-7af814b80000 rw-p 00000000 00:00 0 
7af814b80000-7af814b81000 ---p 00000000 00:00 0 
7af814b81000-7af815381000 rw-p 00000000 00:00 0 
7af815381000-7af815382000 ---p 00000000 00:00 0 
7af815382000-7af815b82000 rw-p 00000000 00:00 0 
7af815b82000-7af815b83000 ---p 00000000 00:00 0 
7af815b83000-7af816383000 rw-p 00000000 00:00 0 
7af816383000-7af816385000 r--p 00000000 08:30 12774                      /usr/lib/x86_64-linux-gnu/libffi.so.8.1.4
7af816385000-7af81638c000 r-xp 00002000 08:30 12774                      /usr/lib/x86_64-linux-gnu/libffi.so.8.1.4
7af81638c000-7af81638d000 r--p 00009000 08:30 12774                      /usr/lib/x86_64-linux-gnu/libffi.so.8.1.4
7af81638d000-7af81638e000 r--p 0000a000 08:30 12774                      /usr/lib/x86_64-linux-gnu/libffi.so.8.1.4
7af81638e000-7af81638f000 rw-p 0000b000 08:30 12774                      /usr/lib/x86_64-linux-gnu/libffi.so.8.1.4
7af81638f000-7af816e8f000 rw-p 00000000 00:00 0 
7af816e8f000-7af816eaf000 r--p 00000000 08:30 34572                      /usr/lib/x86_64-linux-gnu/libsqlite3.so.0.8.6
7af816eaf000-7af816fba000 r-xp 00020000 08:30 34572                      /usr/lib/x86_64-linux-gnu/libsqlite3.so.0.8.6
7af816fba000-7af816fee000 r--p 0012b000 08:30 34572                      /usr/lib/x86_64-linux-gnu/libsqlite3.so.0.8.6
7af816fee000-7af816ff2000 r--p 0015e000 08:30 34572                      /usr/lib/x86_64-linux-gnu/libsqlite3.so.0.8.6
7af816ff2000-7af816ff6000 rw-p 00162000 08:30 34572                      /usr/lib/x86_64-linux-gnu/libsqlite3.so.0.8.6
7af816ff6000-7af8176e2000 rw-p 00000000 00:00 0 
7af8176e2000-7af8176e5000 r--p 00000000 08:30 1510                       /usr/lib/x86_64-linux-gnu/liblzma.so.5.4.5
7af8176e5000-7af817707000 r-xp 00003000 08:30 1510                       /usr/lib/x86_64-linux-gnu/liblzma.so.5.4.5
7af817707000-7af817712000 r--p 00025000 08:30 1510                       /usr/lib/x86_64-linux-gnu/liblzma.so.5.4.5
7af817712000-7af817713000 r--p 00030000 08:30 1510                       /usr/lib/x86_64-linux-gnu/liblzma.so.5.4.5
7af817713000-7af817714000 rw-p 00031000 08:30 1510                       /usr/lib/x86_64-linux-gnu/liblzma.so.5.4.5
7af817714000-7af817717000 r--p 00000000 08:30 18230                      /usr/lib/python3.12/lib-dynload/_lzma.cpython-312-x86_64-linux-gnu.so
7af817717000-7af81771c000 r-xp 00003000 08:30 18230                      /usr/lib/python3.12/lib-dynload/_lzma.cpython-312-x86_64-linux-gnu.so
7af81771c000-7af81771f000 r--p 00008000 08:30 18230                      /usr/lib/python3.12/lib-dynload/_lzma.cpython-312-x86_64-linux-gnu.so
7af81771f000-7af817720000 r--p 0000a000 08:30 18230                      /usr/lib/python3.12/lib-dynload/_lzma.cpython-312-x86_64-linux-gnu.so
7af817720000-7af817721000 rw-p 0000b000 08:30 18230                      /usr/lib/python3.12/lib-dynload/_lzma.cpython-312-x86_64-linux-gnu.so
7af817721000-7af817723000 r--p 00000000 08:30 12687                      /usr/lib/x86_64-linux-gnu/libbz2.so.1.0.4
7af817723000-7af817731000 r-xp 00002000 08:30 12687                      /usr/lib/x86_64-linux-gnu/libbz2.so.1.0.4
7af817731000-7af817733000 r--p 00010000 08:30 12687                      /usr/lib/x86_64-linux-gnu/libbz2.so.1.0.4
7af817733000-7af817734000 r--p 00011000 08:30 12687                      /usr/lib/x86_64-linux-gnu/libbz2.so.1.0.4
7af817734000-7af817735000 rw-p 00012000 08:30 12687                      /usr/lib/x86_64-linux-gnu/libbz2.so.1.0.4
7af817735000-7af817737000 r--p 00000000 08:30 18213                      /usr/lib/python3.12/lib-dynload/_bz2.cpython-312-x86_64-linux-gnu.so
7af817737000-7af81773a000 r-xp 00002000 08:30 18213                      /usr/lib/python3.12/lib-dynload/_bz2.cpython-312-x86_64-linux-gnu.so
7af81773a000-7af81773c000 r--p 00005000 08:30 18213                      /usr/lib/python3.12/lib-dynload/_bz2.cpython-312-x86_64-linux-gnu.so
7af81773c000-7af81773d000 r--p 00006000 08:30 18213                      /usr/lib/python3.12/lib-dynload/_bz2.cpython-312-x86_64-linux-gnu.so
7af81773d000-7af81773e000 rw-p 00007000 08:30 18213                      /usr/lib/python3.12/lib-dynload/_bz2.cpython-312-x86_64-linux-gnu.so
7af81773e000-7af817745000 r--p 00000000 08:30 18227                      /usr/lib/python3.12/lib-dynload/_decimal.cpython-312-x86_64-linux-gnu.so
7af817745000-7af817785000 r-xp 00007000 08:30 18227                      /usr/lib/python3.12/lib-dynload/_decimal.cpython-312-x86_64-linux-gnu.so
7af817785000-7af817796000 r--p 00047000 08:30 18227                      /usr/lib/python3.12/lib-dynload/_decimal.cpython-312-x86_64-linux-gnu.so
7af817796000-7af817797000 r--p 00057000 08:30 18227                      /usr/lib/python3.12/lib-dynload/_decimal.cpython-312-x86_64-linux-gnu.so
7af817797000-7af81779a000 rw-p 00058000 08:30 18227                      /usr/lib/python3.12/lib-dynload/_decimal.cpython-312-x86_64-linux-gnu.so
7af81779a000-7af81799a000 rw-p 00000000 00:00 0 
7af81799a000-7af81799b000 r--p 00000000 08:30 49632                      /usr/lib/locale/C.utf8/LC_PAPER
7af81799b000-7af81799c000 r--p 00000000 08:30 49630                      /usr/lib/locale/C.utf8/LC_NAME
7af81799c000-7af8179a8000 rw-p 00000000 00:00 0 
7af8179a8000-7af8179ae000 r--p 00000000 08:30 18222                      /usr/lib/python3.12/lib-dynload/_ctypes.cpython-312-x86_64-linux-gnu.so
7af8179ae000-7af8179c0000 r-xp 00006000 08:30 18222                      /usr/lib/python3.12/lib-dynload/_ctypes.cpython-312-x86_64-linux-gnu.so
7af8179c0000-7af8179c6000 r--p 00018000 08:30 18222                      /usr/lib/python3.12/lib-dynload/_ctypes.cpython-312-x86_64-linux-gnu.so
7af8179c6000-7af8179c7000 r--p 0001d000 08:30 18222                      /usr/lib/python3.12/lib-dynload/_ctypes.cpython-312-x86_64-linux-gnu.so
7af8179c7000-7af8179cb000 rw-p 0001e000 08:30 18222                      /usr/lib/python3.12/lib-dynload/_ctypes.cpython-312-x86_64-linux-gnu.so
7af8179cb000-7af8179ce000 r--p 00000000 08:30 63869                      /home/kys/venv/lib/python3.12/site-packages/psutil/_psutil_linux.abi3.so
7af8179ce000-7af8179d1000 r-xp 00003000 08:30 63869                      /home/kys/venv/lib/python3.12/site-packages/psutil/_psutil_linux.abi3.so
7af8179d1000-7af8179d2000 r--p 00006000 08:30 63869                      /home/kys/venv/lib/python3.12/site-packages/psutil/_psutil_linux.abi3.so
7af8179d2000-7af8179d3000 r--p 00007000 08:30 63869                      /home/kys/venv/lib/python3.12/site-packages/psutil/_psutil_linux.abi3.so
7af8179d3000-7af8179d4000 rw-p 00008000 08:30 63869                      /home/kys/venv/lib/python3.12/site-packages/psutil/_psutil_linux.abi3.so
7af8179d4000-7af8179d6000 r--p 00000000 08:30 18229                      /usr/lib/python3.12/lib-dynload/_lsprof.cpython-312-x86_64-linux-gnu.so
7af8179d6000-7af8179d9000 r-xp 00002000 08:30 18229                      /usr/lib/python3.12/lib-dynload/_lsprof.cpython-312-x86_64-linux-gnu.so
7af8179d9000-7af8179db000 r--p 00005000 08:30 18229                      /usr/lib/python3.12/lib-dynload/_lsprof.cpython-312-x86_64-linux-gnu.so
7af8179db000-7af8179dc000 r--p 00006000 08:30 18229                      /usr/lib/python3.12/lib-dynload/_lsprof.cpython-312-x86_64-linux-gnu.so
7af8179dc000-7af8179dd000 rw-p 00007000 08:30 18229                      /usr/lib/python3.12/lib-dynload/_lsprof.cpython-312-x86_64-linux-gnu.so
7af8179dd000-7af8179e4000 r--p 00000000 08:30 18235                      /usr/lib/python3.12/lib-dynload/_sqlite3.cpython-312-x86_64-linux-gnu.so
7af8179e4000-7af8179f6000 r-xp 00007000 08:30 18235                      /usr/lib/python3.12/lib-dynload/_sqlite3.cpython-312-x86_64-linux-gnu.so
7af8179f6000-7af8179fd000 r--p 00019000 08:30 18235                      /usr/lib/python3.12/lib-dynload/_sqlite3.cpython-312-x86_64-linux-gnu.so
7af8179fd000-7af8179fe000 r--p 00020000 08:30 18235                      /usr/lib/python3.12/lib-dynload/_sqlite3.cpython-312-x86_64-linux-gnu.so
7af8179fe000-7af817a00000 rw-p 00021000 08:30 18235                      /usr/lib/python3.12/lib-dynload/_sqlite3.cpython-312-x86_64-linux-gnu.so
7af817a00000-7af817c00000 rw-p 00000000 00:00 0 
7af817c00000-7af817cb3000 r--p 00000000 08:30 1859                       /usr/lib/x86_64-linux-gnu/libcrypto.so.3
7af817cb3000-7af817fe7000 r-xp 000b3000 08:30 1859                       /usr/lib/x86_64-linux-gnu/libcrypto.so.3
7af817fe7000-7af8180b2000 r--p 003e7000 08:30 1859                       /usr/lib/x86_64-linux-gnu/libcrypto.so.3
7af8180b2000-7af81810e000 r--p 004b1000 08:30 1859                       /usr/lib/x86_64-linux-gnu/libcrypto.so.3
7af81810e000-7af818111000 rw-p 0050d000 08:30 1859                       /usr/lib/x86_64-linux-gnu/libcrypto.so.3
7af818111000-7af818114000 rw-p 00000000 00:00 0 
7af818114000-7af818116000 r--p 00000000 08:30 18251                      /usr/lib/python3.12/lib-dynload/resource.cpython-312-x86_64-linux-gnu.so
7af818116000-7af818117000 r-xp 00002000 08:30 18251                      /usr/lib/python3.12/lib-dynload/resource.cpython-312-x86_64-linux-gnu.so
7af818117000-7af818118000 r--p 00003000 08:30 18251                      /usr/lib/python3.12/lib-dynload/resource.cpython-312-x86_64-linux-gnu.so
7af818118000-7af818119000 r--p 00003000 08:30 18251                      /usr/lib/python3.12/lib-dynload/resource.cpython-312-x86_64-linux-gnu.so
7af818119000-7af81811a000 rw-p 00004000 08:30 18251                      /usr/lib/python3.12/lib-dynload/resource.cpython-312-x86_64-linux-gnu.so
7af81811a000-7af818123000 r--p 00000000 08:30 12909                      /usr/lib/x86_64-linux-gnu/libncursesw.so.6.4
7af818123000-7af81814d000 r-xp 00009000 08:30 12909                      /usr/lib/x86_64-linux-gnu/libncursesw.so.6.4
7af81814d000-7af818154000 r--p 00033000 08:30 12909                      /usr/lib/x86_64-linux-gnu/libncursesw.so.6.4
7af818154000-7af818155000 r--p 00039000 08:30 12909                      /usr/lib/x86_64-linux-gnu/libncursesw.so.6.4
7af818155000-7af818156000 rw-p 0003a000 08:30 12909                      /usr/lib/x86_64-linux-gnu/libncursesw.so.6.4
7af818156000-7af818174000 r--p 00000000 08:30 1862                       /usr/lib/x86_64-linux-gnu/libssl.so.3
7af818174000-7af8181d6000 r-xp 0001e000 08:30 1862                       /usr/lib/x86_64-linux-gnu/libssl.so.3
7af8181d6000-7af8181f2000 r--p 00080000 08:30 1862                       /usr/lib/x86_64-linux-gnu/libssl.so.3
7af8181f2000-7af8181fc000 r--p 0009c000 08:30 1862                       /usr/lib/x86_64-linux-gnu/libssl.so.3
7af8181fc000-7af818200000 rw-p 000a6000 08:30 1862                       /usr/lib/x86_64-linux-gnu/libssl.so.3
7af818200000-7af818400000 rw-p 00000000 00:00 0 
7af818400000-7af81849d000 r--p 00000000 08:30 13008                      /usr/lib/x86_64-linux-gnu/libstdc++.so.6.0.33
7af81849d000-7af8185e5000 r-xp 0009d000 08:30 13008                      /usr/lib/x86_64-linux-gnu/libstdc++.so.6.0.33
7af8185e5000-7af81866c000 r--p 001e5000 08:30 13008                      /usr/lib/x86_64-linux-gnu/libstdc++.so.6.0.33
7af81866c000-7af818677000 r--p 0026b000 08:30 13008                      /usr/lib/x86_64-linux-gnu/libstdc++.so.6.0.33
7af818677000-7af81867a000 rw-p 00276000 08:30 13008                      /usr/lib/x86_64-linux-gnu/libstdc++.so.6.0.33
7af81867a000-7af81867e000 rw-p 00000000 00:00 0 
7af81867e000-7af81867f000 r--p 00000000 08:30 49519                      /usr/lib/locale/C.utf8/LC_ADDRESS
7af81867f000-7af818680000 r--p 00000000 08:30 49633                      /usr/lib/locale/C.utf8/LC_TELEPHONE
7af818680000-7af81868e000 r--p 00000000 08:30 13023                      /usr/lib/x86_64-linux-gnu/libtinfo.so.6.4
7af81868e000-7af8186a1000 r-xp 0000e000 08:30 13023                      /usr/lib/x86_64-linux-gnu/libtinfo.so.6.4
7af8186a1000-7af8186af000 r--p 00021000 08:30 13023                      /usr/lib/x86_64-linux-gnu/libtinfo.so.6.4
7af8186af000-7af8186b3000 r--p 0002e000 08:30 13023                      /usr/lib/x86_64-linux-gnu/libtinfo.so.6.4
7af8186b3000-7af8186b4000 rw-p 00032000 08:30 13023                      /usr/lib/x86_64-linux-gnu/libtinfo.so.6.4
7af8186b4000-7af8186b8000 r--p 00000000 08:30 10726                      /usr/lib/python3.12/lib-dynload/_hashlib.cpython-312-x86_64-linux-gnu.so
7af8186b8000-7af8186be000 r-xp 00004000 08:30 10726                      /usr/lib/python3.12/lib-dynload/_hashlib.cpython-312-x86_64-linux-gnu.so
7af8186be000-7af8186c2000 r--p 0000a000 08:30 10726                      /usr/lib/python3.12/lib-dynload/_hashlib.cpython-312-x86_64-linux-gnu.so
7af8186c2000-7af8186c3000 r--p 0000d000 08:30 10726                      /usr/lib/python3.12/lib-dynload/_hashlib.cpython-312-x86_64-linux-gnu.so
7af8186c3000-7af8186c5000 rw-p 0000e000 08:30 10726                      /usr/lib/python3.12/lib-dynload/_hashlib.cpython-312-x86_64-linux-gnu.so
7af8186c5000-7af8186d8000 r--p 00000000 08:30 10728                      /usr/lib/python3.12/lib-dynload/_ssl.cpython-312-x86_64-linux-gnu.so
7af8186d8000-7af8186e5000 r-xp 00013000 08:30 10728                      /usr/lib/python3.12/lib-dynload/_ssl.cpython-312-x86_64-linux-gnu.so
7af8186e5000-7af8186f3000 r--p 00020000 08:30 10728                      /usr/lib/python3.12/lib-dynload/_ssl.cpython-312-x86_64-linux-gnu.so
7af8186f3000-7af8186f4000 r--p 0002d000 08:30 10728                      /usr/lib/python3.12/lib-dynload/_ssl.cpython-312-x86_64-linux-gnu.so
7af8186f4000-7af8186fd000 rw-p 0002e000 08:30 10728                      /usr/lib/python3.12/lib-dynload/_ssl.cpython-312-x86_64-linux-gnu.so
7af8186fd000-7af818701000 rw-p 00000000 00:00 0 
7af818701000-7af818704000 r--p 00000000 08:30 18252                      /usr/lib/python3.12/lib-dynload/termios.cpython-312-x86_64-linux-gnu.so
7af818704000-7af818706000 r-xp 00003000 08:30 18252                      /usr/lib/python3.12/lib-dynload/termios.cpython-312-x86_64-linux-gnu.so
7af818706000-7af818708000 r--p 00005000 08:30 18252                      /usr/lib/python3.12/lib-dynload/termios.cpython-312-x86_64-linux-gnu.so
7af818708000-7af818709000 r--p 00006000 08:30 18252                      /usr/lib/python3.12/lib-dynload/termios.cpython-312-x86_64-linux-gnu.so
7af818709000-7af81870b000 rw-p 00007000 08:30 18252                      /usr/lib/python3.12/lib-dynload/termios.cpython-312-x86_64-linux-gnu.so
7af81870b000-7af818712000 r--p 00000000 08:30 18224                      /usr/lib/python3.12/lib-dynload/_curses.cpython-312-x86_64-linux-gnu.so
7af818712000-7af81871d000 r-xp 00007000 08:30 18224                      /usr/lib/python3.12/lib-dynload/_curses.cpython-312-x86_64-linux-gnu.so
7af81871d000-7af818728000 r--p 00012000 08:30 18224                      /usr/lib/python3.12/lib-dynload/_curses.cpython-312-x86_64-linux-gnu.so
7af818728000-7af818729000 r--p 0001c000 08:30 18224                      /usr/lib/python3.12/lib-dynload/_curses.cpython-312-x86_64-linux-gnu.so
7af818729000-7af81872b000 rw-p 0001d000 08:30 18224                      /usr/lib/python3.12/lib-dynload/_curses.cpython-312-x86_64-linux-gnu.so
7af81872b000-7af81872c000 r--p 00000000 08:30 61666                      /home/kys/venv/lib/python3.12/site-packages/tornado/speedups.abi3.so
7af81872c000-7af81872d000 r-xp 00001000 08:30 61666                      /home/kys/venv/lib/python3.12/site-packages/tornado/speedups.abi3.so
7af81872d000-7af81872e000 r--p 00002000 08:30 61666                      /home/kys/venv/lib/python3.12/site-packages/tornado/speedups.abi3.so
7af81872e000-7af81872f000 r--p 00002000 08:30 61666                      /home/kys/venv/lib/python3.12/site-packages/tornado/speedups.abi3.so
7af81872f000-7af818730000 rw-p 00003000 08:30 61666                      /home/kys/venv/lib/python3.12/site-packages/tornado/speedups.abi3.so
7af818730000-7af818734000 r--p 00000000 08:30 12789                      /usr/lib/x86_64-linux-gnu/libgcc_s.so.1
7af818734000-7af818758000 r-xp 00004000 08:30 12789                      /usr/lib/x86_64-linux-gnu/libgcc_s.so.1
7af818758000-7af81875c000 r--p 00028000 08:30 12789                      /usr/lib/x86_64-linux-gnu/libgcc_s.so.1
7af81875c000-7af81875d000 r--p 0002b000 08:30 12789                      /usr/lib/x86_64-linux-gnu/libgcc_s.so.1
7af81875d000-7af81875e000 rw-p 0002c000 08:30 12789                      /usr/lib/x86_64-linux-gnu/libgcc_s.so.1
7af81875e000-7af81876b000 r--p 00000000 08:30 62864                      /home/kys/venv/lib/python3.12/site-packages/pyzmq.libs/libsodium-19479d6d.so.26.2.0
7af81876b000-7af818861000 r-xp 0000d000 08:30 62864                      /home/kys/venv/lib/python3.12/site-packages/pyzmq.libs/libsodium-19479d6d.so.26.2.0
7af818861000-7af818876000 r--p 00103000 08:30 62864                      /home/kys/venv/lib/python3.12/site-packages/pyzmq.libs/libsodium-19479d6d.so.26.2.0
7af818876000-7af818877000 r--p 00118000 08:30 62864                      /home/kys/venv/lib/python3.12/site-packages/pyzmq.libs/libsodium-19479d6d.so.26.2.0
7af818877000-7af818878000 rw-p 00119000 08:30 62864                      /home/kys/venv/lib/python3.12/site-packages/pyzmq.libs/libsodium-19479d6d.so.26.2.0
7af818878000-7af818885000 rw-p 0011b000 08:30 62864                      /home/kys/venv/lib/python3.12/site-packages/pyzmq.libs/libsodium-19479d6d.so.26.2.0
7af818885000-7af81889d000 r--p 00000000 08:30 62865                      /home/kys/venv/lib/python3.12/site-packages/pyzmq.libs/libzmq-7b073b3d.so.5.2.5
7af81889d000-7af818927000 r-xp 00018000 08:30 62865                      /home/kys/venv/lib/python3.12/site-packages/pyzmq.libs/libzmq-7b073b3d.so.5.2.5
7af818927000-7af81895c000 r--p 000a2000 08:30 62865                      /home/kys/venv/lib/python3.12/site-packages/pyzmq.libs/libzmq-7b073b3d.so.5.2.5
7af81895c000-7af818963000 r--p 000d7000 08:30 62865                      /home/kys/venv/lib/python3.12/site-packages/pyzmq.libs/libzmq-7b073b3d.so.5.2.5
7af818963000-7af818964000 rw-p 000de000 08:30 62865                      /home/kys/venv/lib/python3.12/site-packages/pyzmq.libs/libzmq-7b073b3d.so.5.2.5
7af818964000-7af81896d000 rw-p 000e0000 08:30 62865                      /home/kys/venv/lib/python3.12/site-packages/pyzmq.libs/libzmq-7b073b3d.so.5.2.5
7af81896d000-7af818975000 r--p 00000000 08:30 62905                      /home/kys/venv/lib/python3.12/site-packages/zmq/backend/cython/_zmq.abi3.so
7af818975000-7af81899a000 r-xp 00008000 08:30 62905                      /home/kys/venv/lib/python3.12/site-packages/zmq/backend/cython/_zmq.abi3.so
7af81899a000-7af8189a5000 r--p 0002d000 08:30 62905                      /home/kys/venv/lib/python3.12/site-packages/zmq/backend/cython/_zmq.abi3.so
7af8189a5000-7af8189a7000 r--p 00038000 08:30 62905                      /home/kys/venv/lib/python3.12/site-packages/zmq/backend/cython/_zmq.abi3.so
7af8189a7000-7af8189a9000 rw-p 0003a000 08:30 62905                      /home/kys/venv/lib/python3.12/site-packages/zmq/backend/cython/_zmq.abi3.so
7af8189a9000-7af8189aa000 rw-p 00000000 00:00 0 
7af8189aa000-7af8189af000 rw-p 0003d000 08:30 62905                      /home/kys/venv/lib/python3.12/site-packages/zmq/backend/cython/_zmq.abi3.so
7af8189af000-7af818aaf000 rw-p 00000000 00:00 0 
7af818aaf000-7af818ab0000 r--p 00000000 08:30 49535                      /usr/lib/locale/C.utf8/LC_MEASUREMENT
7af818ab0000-7af818ab1000 r--p 00000000 08:30 49534                      /usr/lib/locale/C.utf8/LC_IDENTIFICATION
7af818ab1000-7af818ab3000 r--p 00000000 08:30 18234                      /usr/lib/python3.12/lib-dynload/_queue.cpython-312-x86_64-linux-gnu.so
7af818ab3000-7af818ab5000 r-xp 00002000 08:30 18234                      /usr/lib/python3.12/lib-dynload/_queue.cpython-312-x86_64-linux-gnu.so
7af818ab5000-7af818ab6000 r--p 00004000 08:30 18234                      /usr/lib/python3.12/lib-dynload/_queue.cpython-312-x86_64-linux-gnu.so
7af818ab6000-7af818ab7000 r--p 00004000 08:30 18234                      /usr/lib/python3.12/lib-dynload/_queue.cpython-312-x86_64-linux-gnu.so
7af818ab7000-7af818ab8000 rw-p 00005000 08:30 18234                      /usr/lib/python3.12/lib-dynload/_queue.cpython-312-x86_64-linux-gnu.so
7af818ab8000-7af818abc000 r--p 00000000 08:30 18212                      /usr/lib/python3.12/lib-dynload/_asyncio.cpython-312-x86_64-linux-gnu.so
7af818abc000-7af818ac5000 r-xp 00004000 08:30 18212                      /usr/lib/python3.12/lib-dynload/_asyncio.cpython-312-x86_64-linux-gnu.so
7af818ac5000-7af818aca000 r--p 0000d000 08:30 18212                      /usr/lib/python3.12/lib-dynload/_asyncio.cpython-312-x86_64-linux-gnu.so
7af818aca000-7af818acb000 r--p 00011000 08:30 18212                      /usr/lib/python3.12/lib-dynload/_asyncio.cpython-312-x86_64-linux-gnu.so
7af818acb000-7af818acd000 rw-p 00012000 08:30 18212                      /usr/lib/python3.12/lib-dynload/_asyncio.cpython-312-x86_64-linux-gnu.so
7af818acd000-7af818ace000 r--p 00000000 08:30 51097                      /usr/lib/x86_64-linux-gnu/librt.so.1
7af818ace000-7af818acf000 r-xp 00001000 08:30 51097                      /usr/lib/x86_64-linux-gnu/librt.so.1
7af818acf000-7af818ad0000 r--p 00002000 08:30 51097                      /usr/lib/x86_64-linux-gnu/librt.so.1
7af818ad0000-7af818ad1000 r--p 00002000 08:30 51097                      /usr/lib/x86_64-linux-gnu/librt.so.1
7af818ad1000-7af818ad2000 rw-p 00003000 08:30 51097                      /usr/lib/x86_64-linux-gnu/librt.so.1
7af818ad2000-7af818ad4000 r--p 00000000 08:30 18228                      /usr/lib/python3.12/lib-dynload/_json.cpython-312-x86_64-linux-gnu.so
7af818ad4000-7af818adb000 r-xp 00002000 08:30 18228                      /usr/lib/python3.12/lib-dynload/_json.cpython-312-x86_64-linux-gnu.so
7af818adb000-7af818add000 r--p 00009000 08:30 18228                      /usr/lib/python3.12/lib-dynload/_json.cpython-312-x86_64-linux-gnu.so
7af818add000-7af818ade000 r--p 0000a000 08:30 18228                      /usr/lib/python3.12/lib-dynload/_json.cpython-312-x86_64-linux-gnu.so
7af818ade000-7af818adf000 rw-p 0000b000 08:30 18228                      /usr/lib/python3.12/lib-dynload/_json.cpython-312-x86_64-linux-gnu.so
7af818adf000-7af818e00000 rw-p 00000000 00:00 0 
7af818e00000-7af818e28000 r--p 00000000 08:30 51083                      /usr/lib/x86_64-linux-gnu/libc.so.6
7af818e28000-7af818fb0000 r-xp 00028000 08:30 51083                      /usr/lib/x86_64-linux-gnu/libc.so.6
7af818fb0000-7af818fff000 r--p 001b0000 08:30 51083                      /usr/lib/x86_64-linux-gnu/libc.so.6
7af818fff000-7af819003000 r--p 001fe000 08:30 51083                      /usr/lib/x86_64-linux-gnu/libc.so.6
7af819003000-7af819005000 rw-p 00202000 08:30 51083                      /usr/lib/x86_64-linux-gnu/libc.so.6
7af819005000-7af819013000 rw-p 00000000 00:00 0 
7af819013000-7af819014000 r--p 00000000 08:30 51095                      /usr/lib/x86_64-linux-gnu/libpthread.so.0
7af819014000-7af819015000 r-xp 00001000 08:30 51095                      /usr/lib/x86_64-linux-gnu/libpthread.so.0
7af819015000-7af819016000 r--p 00002000 08:30 51095                      /usr/lib/x86_64-linux-gnu/libpthread.so.0
7af819016000-7af819017000 r--p 00002000 08:30 51095                      /usr/lib/x86_64-linux-gnu/libpthread.so.0
7af819017000-7af819018000 rw-p 00003000 08:30 51095                      /usr/lib/x86_64-linux-gnu/libpthread.so.0
7af819018000-7af819019000 r--p 00000000 08:30 18220                      /usr/lib/python3.12/lib-dynload/_contextvars.cpython-312-x86_64-linux-gnu.so
7af819019000-7af81901a000 r-xp 00001000 08:30 18220                      /usr/lib/python3.12/lib-dynload/_contextvars.cpython-312-x86_64-linux-gnu.so
7af81901a000-7af81901b000 r--p 00002000 08:30 18220                      /usr/lib/python3.12/lib-dynload/_contextvars.cpython-312-x86_64-linux-gnu.so
7af81901b000-7af81901c000 r--p 00002000 08:30 18220                      /usr/lib/python3.12/lib-dynload/_contextvars.cpython-312-x86_64-linux-gnu.so
7af81901c000-7af81901d000 rw-p 00003000 08:30 18220                      /usr/lib/python3.12/lib-dynload/_contextvars.cpython-312-x86_64-linux-gnu.so
7af81901d000-7af81905e000 rw-p 00000000 00:00 0 
7af81905e000-7af819065000 r--s 00000000 08:30 51072                      /usr/lib/x86_64-linux-gnu/gconv/gconv-modules.cache
7af819065000-7af8190be000 r--p 00000000 08:30 49533                      /usr/lib/locale/C.utf8/LC_CTYPE
7af8190be000-7af8190c0000 rw-p 00000000 00:00 0 
7af8190c0000-7af8190c4000 r--p 00000000 08:30 3460                       /usr/lib/x86_64-linux-gnu/libexpat.so.1.9.1
7af8190c4000-7af8190e1000 r-xp 00004000 08:30 3460                       /usr/lib/x86_64-linux-gnu/libexpat.so.1.9.1
7af8190e1000-7af8190e9000 r--p 00021000 08:30 3460                       /usr/lib/x86_64-linux-gnu/libexpat.so.1.9.1
7af8190e9000-7af8190eb000 r--p 00028000 08:30 3460                       /usr/lib/x86_64-linux-gnu/libexpat.so.1.9.1
7af8190eb000-7af8190ec000 rw-p 0002a000 08:30 3460                       /usr/lib/x86_64-linux-gnu/libexpat.so.1.9.1
7af8190ec000-7af8190ee000 r--p 00000000 08:30 13097                      /usr/lib/x86_64-linux-gnu/libz.so.1.3
7af8190ee000-7af819100000 r-xp 00002000 08:30 13097                      /usr/lib/x86_64-linux-gnu/libz.so.1.3
7af819100000-7af819106000 r--p 00014000 08:30 13097                      /usr/lib/x86_64-linux-gnu/libz.so.1.3
7af819106000-7af819107000 r--p 0001a000 08:30 13097                      /usr/lib/x86_64-linux-gnu/libz.so.1.3
7af819107000-7af819108000 rw-p 0001b000 08:30 13097                      /usr/lib/x86_64-linux-gnu/libz.so.1.3
7af819108000-7af819118000 r--p 00000000 08:30 51086                      /usr/lib/x86_64-linux-gnu/libm.so.6
7af819118000-7af819197000 r-xp 00010000 08:30 51086                      /usr/lib/x86_64-linux-gnu/libm.so.6
7af819197000-7af8191ef000 r--p 0008f000 08:30 51086                      /usr/lib/x86_64-linux-gnu/libm.so.6
7af8191ef000-7af8191f0000 r--p 000e7000 08:30 51086                      /usr/lib/x86_64-linux-gnu/libm.so.6
7af8191f0000-7af8191f1000 rw-p 000e8000 08:30 51086                      /usr/lib/x86_64-linux-gnu/libm.so.6
7af8191f1000-7af8191f2000 r--p 00000000 00:00 0 
7af8191f2000-7af8191f8000 rw-p 00000000 00:00 0 
7af8191f8000-7af8191f9000 r--p 00000000 08:30 51080                      /usr/lib/x86_64-linux-gnu/ld-linux-x86-64.so.2
7af8191f9000-7af819224000 r-xp 00001000 08:30 51080                      /usr/lib/x86_64-linux-gnu/ld-linux-x86-64.so.2
7af819224000-7af81922e000 r--p 0002c000 08:30 51080                      /usr/lib/x86_64-linux-gnu/ld-linux-x86-64.so.2
7af81922e000-7af819230000 r--p 00036000 08:30 51080                      /usr/lib/x86_64-linux-gnu/ld-linux-x86-64.so.2
7af819230000-7af819232000 rw-p 00038000 08:30 51080                      /usr/lib/x86_64-linux-gnu/ld-linux-x86-64.so.2
7ffcbb7b1000-7ffcbb7b4000 ---p 00000000 00:00 0 
7ffcbb7b4000-7ffcbb8b1000 rw-p 00000000 00:00 0                          [stack]
7ffcbb962000-7ffcbb966000 r--p 00000000 00:00 0                          [vvar]
7ffcbb966000-7ffcbb968000 r-xp 00000000 00:00 0                          [vdso]

VM Arguments:
jvm_args: -Dfile.encoding=UTF8 -ea -Xmx1024m 
java_command: <unknown>
java_class_path (initial): /home/kys/venv/lib/python3.12/site-packages/konlpy/java:/home/kys/venv/lib/python3.12/site-packages/konlpy/java/bin:/home/kys/venv/lib/python3.12/site-packages/konlpy/java/snakeyaml-1.12.jar:/home/kys/venv/lib/python3.12/site-packages/konlpy/java/scala-library-2.12.3.jar:/home/kys/venv/lib/python3.12/site-packages/konlpy/java/kkma-2.0.jar:/home/kys/venv/lib/python3.12/site-packages/konlpy/java/shineware-common-1.0.jar:/home/kys/venv/lib/python3.12/site-packages/konlpy/java/shineware-ds-1.0.jar:/home/kys/venv/lib/python3.12/site-packages/konlpy/java/komoran-3.0.jar:/home/kys/venv/lib/python3.12/site-packages/konlpy/java/jhannanum-0.8.4.jar:/home/kys/venv/lib/python3.12/site-packages/konlpy/java/aho-corasick.jar:/home/kys/venv/lib/python3.12/site-packages/konlpy/java/twitter-text-1.14.7.jar:/home/kys/venv/lib/python3.12/site-packages/konlpy/java/open-korean-text-2.1.0.jar:/home/kys/venv/lib/python3.12/site-packages/konlpy/java/jhannanum-0.8.4.jar:/home/kys/venv/lib/python3.12/site-packages/konlpy/java/kkma-2.0.jar:/home/kys/venv/lib/python3.12/site-packages/konlpy/java/aho-corasick.jar:/home/kys/venv/lib/python3.12/site-packages/konlpy/java/shineware-common-1.0.jar:/home/kys/venv/lib/python3.12/site-packages/konlpy/java/shineware-ds-1.0.jar:/home/kys/venv/lib/python3.12/site-packages/konlpy/java/komoran-3.0.jar:/home/kys/venv/lib/python3.12/site-packages/konlpy/java/snakeyaml-1.12.jar:/home/kys/venv/lib/python3.12/site-packages/konlpy/java/scala-library-2.12.3.jar:/home/kys/venv/lib/python3.12/site-packages/konlpy/java/open-korean-text-2.1.0.jar:/home/kys/venv/lib/python3.12/site-packages/konlpy/java/twitter-text-1.14.7.jar:/home/kys/venv/lib/python3.12/site-packages/konlpy/java/snakeyaml-1.12.jar:/home/kys/venv/lib/python3.12/site-packages/konlpy/java/scala-library-2.12.3.jar:/home/kys/venv/lib/python3.12/site-packages/konlpy/java/kkma-2.0.jar:/home/kys/venv/lib/python3.12/site-packages/konlpy/java/shineware-common-1.0.jar:/home/kys/venv/
Launcher Type: generic

Environment Variables:
PATH=/home/kys/venv/bin:/usr/local/sbin:/usr/local/bin:/usr/sbin:/usr/bin:/sbin:/bin:/usr/games:/usr/local/games:/usr/lib/wsl/lib:/mnt/c/WINDOWS/system32:/mnt/c/WINDOWS:/mnt/c/WINDOWS/System32/Wbem:/mnt/c/WINDOWS/System32/WindowsPowerShell/v1.0/:/mnt/c/WINDOWS/System32/OpenSSH/:/mnt/c/Program Files (x86)/NVIDIA Corporation/PhysX/Common:/mnt/c/Program Files/nodejs/:/mnt/c/Program Files/Git/cmd:/mnt/c/Users/Admin/AppData/Local/Programs/Python/Python312/Scripts/:/mnt/c/Users/Admin/AppData/Local/Programs/Python/Python312/:/mnt/c/Users/Admin/AppData/Local/Programs/Python/Launcher/:/mnt/c/Users/Admin/AppData/Local/Microsoft/WindowsApps:/mnt/c/Users/Admin/AppData/Roaming/npm:/mnt/c/Users/Admin/AppData/Local/Programs/Microsoft VS Code/bin:/snap/bin
SHELL=/bin/bash
DISPLAY=:0
HOSTTYPE=x86_64

Signal Handlers:
SIGSEGV: [libjvm.so+0xb57160], sa_mask[0]=11111111011111111101111111111110, sa_flags=SA_RESTART|SA_SIGINFO
SIGBUS: [libjvm.so+0xb57160], sa_mask[0]=11111111011111111101111111111110, sa_flags=SA_RESTART|SA_SIGINFO
SIGFPE: [libjvm.so+0x990350], sa_mask[0]=11111111011111111101111111111110, sa_flags=SA_RESTART|SA_SIGINFO
SIGPIPE: [libjvm.so+0x990350], sa_mask[0]=11111111011111111101111111111110, sa_flags=SA_RESTART|SA_SIGINFO
SIGXFSZ: [libjvm.so+0x990350], sa_mask[0]=11111111011111111101111111111110, sa_flags=SA_RESTART|SA_SIGINFO
SIGILL: [libjvm.so+0x990350], sa_mask[0]=11111111011111111101111111111110, sa_flags=SA_RESTART|SA_SIGINFO
SIGUSR1: SIG_DFL, sa_mask[0]=00000000000000000000000000000000, sa_flags=none
SIGUSR2: [libjvm.so+0x990680], sa_mask[0]=00000000000000000000000000000000, sa_flags=SA_RESTART|SA_SIGINFO
SIGHUP: [libjvm.so+0x9905d0], sa_mask[0]=11111111011111111101111111111110, sa_flags=SA_RESTART|SA_SIGINFO
SIGINT: [python3+0x2e7140], sa_mask[0]=00000000000000000000000000000000, sa_flags=SA_ONSTACK
SIGTERM: [libjvm.so+0x9905d0], sa_mask[0]=11111111011111111101111111111110, sa_flags=SA_RESTART|SA_SIGINFO
SIGQUIT: [libjvm.so+0x9905d0], sa_mask[0]=11111111011111111101111111111110, sa_flags=SA_RESTART|SA_SIGINFO


---------------  S Y S T E M  ---------------

OS:DISTRIB_ID=Ubuntu
DISTRIB_RELEASE=24.04
DISTRIB_CODENAME=noble
DISTRIB_DESCRIPTION="Ubuntu 24.04.3 LTS"

uname:Linux 6.6.87.2-microsoft-standard-WSL2 #1 SMP PREEMPT_DYNAMIC Thu Jun  5 18:30:46 UTC 2025 x86_64
libc:glibc 2.39 NPTL 2.39 
rlimit: STACK 8192k, CORE 0k, NPROC 63593, NOFILE 1048576, AS infinity
load average:0.06 0.03 0.00

/proc/meminfo:
MemTotal:       16289976 kB
MemFree:        15353812 kB
MemAvailable:   15430740 kB
Buffers:           12220 kB
Cached:           229148 kB
SwapCached:            0 kB
Active:            71792 kB
Inactive:         489248 kB
Active(anon):       2536 kB
Inactive(anon):   320872 kB
Active(file):      69256 kB
Inactive(file):   168376 kB
Unevictable:           0 kB
Mlocked:               0 kB
SwapTotal:       4194304 kB
SwapFree:        4194304 kB
Dirty:               272 kB
Writeback:             0 kB
AnonPages:        320012 kB
Mapped:           145068 kB
Shmem:              3672 kB
KReclaimable:      53080 kB
Slab:             124060 kB
SReclaimable:      53080 kB
SUnreclaim:        70980 kB
KernelStack:        5712 kB
PageTables:         4160 kB
SecPageTables:         0 kB
NFS_Unstable:          0 kB
Bounce:                0 kB
WritebackTmp:          0 kB
CommitLimit:    12339292 kB
Committed_AS:    1602612 kB
VmallocTotal:   34359738367 kB
VmallocUsed:       31480 kB
VmallocChunk:          0 kB
Percpu:             6720 kB
HardwareCorrupted:     0 kB
AnonHugePages:         0 kB
ShmemHugePages:        0 kB
ShmemPmdMapped:        0 kB
FileHugePages:         0 kB
FilePmdMapped:         0 kB
Unaccepted:            0 kB
HugePages_Total:       0
HugePages_Free:        0
HugePages_Rsvd:        0
HugePages_Surp:        0
Hugepagesize:       2048 kB
Hugetlb:               0 kB
DirectMap4k:       76800 kB
DirectMap2M:     6127616 kB
DirectMap1G:    19922944 kB

container (cgroup) information:
container_type: cgroupv2
cpu_cpuset_cpus: failed
cpu_memory_nodes: failed
active_processor_count: 16
cpu_quota: -1
cpu_period: 100000
cpu_shares: -1
memory_limit_in_bytes: -1
memory_and_swap_limit_in_bytes: -1
memory_soft_limit_in_bytes: 0
memory_usage_in_bytes: 403226624
memory_max_usage_in_bytes: -2


CPU:total 16 (initial active 16) (8 cores per cpu, 2 threads per core) family 6 model 183 stepping 1, cmov, cx8, fxsr, mmx, sse, sse2, sse3, ssse3, sse4.1, sse4.2, popcnt, avx, avx2, aes, clmul, erms, 3dnowpref, lzcnt, ht, tsc, tscinvbit, bmi1, bmi2, adx

/proc/cpuinfo:
processor	: 0
vendor_id	: GenuineIntel
cpu family	: 6
model		: 183
model name	: Intel(R) Core(TM) i5-14400F
stepping	: 1
microcode	: 0xffffffff
cpu MHz		: 2496.001
cache size	: 20480 KB
physical id	: 0
siblings	: 16
core id		: 0
cpu cores	: 8
apicid		: 0
initial apicid	: 0
fpu		: yes
fpu_exception	: yes
cpuid level	: 28
wp		: yes
flags		: fpu vme de pse tsc msr pae mce cx8 apic sep mtrr pge mca cmov pat pse36 clflush mmx fxsr sse sse2 ss ht syscall nx pdpe1gb rdtscp lm constant_tsc rep_good nopl xtopology tsc_reliable nonstop_tsc cpuid tsc_known_freq pni pclmulqdq vmx ssse3 fma cx16 pcid sse4_1 sse4_2 x2apic movbe popcnt tsc_deadline_timer aes xsave avx f16c rdrand hypervisor lahf_lm abm 3dnowprefetch ssbd ibrs ibpb stibp ibrs_enhanced tpr_shadow ept vpid ept_ad fsgsbase tsc_adjust bmi1 avx2 smep bmi2 erms invpcid rdseed adx smap clflushopt clwb sha_ni xsaveopt xsavec xgetbv1 xsaves avx_vnni vnmi umip waitpkg gfni vaes vpclmulqdq rdpid movdiri movdir64b fsrm md_clear serialize flush_l1d arch_capabilities
vmx flags	: vnmi invvpid ept_x_only ept_ad ept_1gb tsc_offset vtpr ept vpid unrestricted_guest ept_mode_based_exec tsc_scaling usr_wait_pause
bugs		: spectre_v1 spectre_v2 spec_store_bypass swapgs retbleed eibrs_pbrsb rfds bhi
bogomips	: 4992.00
clflush size	: 64
cache_alignment	: 64
address sizes	: 39 bits physical, 48 bits virtual
power management:

processor	: 1
vendor_id	: GenuineIntel
cpu family	: 6
model		: 183
model name	: Intel(R) Core(TM) i5-14400F
stepping	: 1
microcode	: 0xffffffff
cpu MHz		: 2496.001
cache size	: 20480 KB
physical id	: 0
siblings	: 16
core id		: 0
cpu cores	: 8
apicid		: 1
initial apicid	: 1
fpu		: yes
fpu_exception	: yes
cpuid level	: 28
wp		: yes
flags		: fpu vme de pse tsc msr pae mce cx8 apic sep mtrr pge mca cmov pat pse36 clflush mmx fxsr sse sse2 ss ht syscall nx pdpe1gb rdtscp lm constant_tsc rep_good nopl xtopology tsc_reliable nonstop_tsc cpuid tsc_known_freq pni pclmulqdq vmx ssse3 fma cx16 pcid sse4_1 sse4_2 x2apic movbe popcnt tsc_deadline_timer aes xsave avx f16c rdrand hypervisor lahf_lm abm 3dnowprefetch ssbd ibrs ibpb stibp ibrs_enhanced tpr_shadow ept vpid ept_ad fsgsbase tsc_adjust bmi1 avx2 smep bmi2 erms invpcid rdseed adx smap clflushopt clwb sha_ni xsaveopt xsavec xgetbv1 xsaves avx_vnni vnmi umip waitpkg gfni vaes vpclmulqdq rdpid movdiri movdir64b fsrm md_clear serialize flush_l1d arch_capabilities
vmx flags	: vnmi invvpid ept_x_only ept_ad ept_1gb tsc_offset vtpr ept vpid unrestricted_guest ept_mode_based_exec tsc_scaling usr_wait_pause
bugs		: spectre_v1 spectre_v2 spec_store_bypass swapgs retbleed eibrs_pbrsb rfds bhi
bogomips	: 4992.00
clflush size	: 64
cache_alignment	: 64
address sizes	: 39 bits physical, 48 bits virtual
power management:

processor	: 2
vendor_id	: GenuineIntel
cpu family	: 6
model		: 183
model name	: Intel(R) Core(TM) i5-14400F
stepping	: 1
microcode	: 0xffffffff
cpu MHz		: 2496.001
cache size	: 20480 KB
physical id	: 0
siblings	: 16
core id		: 1
cpu cores	: 8
apicid		: 2
initial apicid	: 2
fpu		: yes
fpu_exception	: yes
cpuid level	: 28
wp		: yes
flags		: fpu vme de pse tsc msr pae mce cx8 apic sep mtrr pge mca cmov pat pse36 clflush mmx fxsr sse sse2 ss ht syscall nx pdpe1gb rdtscp lm constant_tsc rep_good nopl xtopology tsc_reliable nonstop_tsc cpuid tsc_known_freq pni pclmulqdq vmx ssse3 fma cx16 pcid sse4_1 sse4_2 x2apic movbe popcnt tsc_deadline_timer aes xsave avx f16c rdrand hypervisor lahf_lm abm 3dnowprefetch ssbd ibrs ibpb stibp ibrs_enhanced tpr_shadow ept vpid ept_ad fsgsbase tsc_adjust bmi1 avx2 smep bmi2 erms invpcid rdseed adx smap clflushopt clwb sha_ni xsaveopt xsavec xgetbv1 xsaves avx_vnni vnmi umip waitpkg gfni vaes vpclmulqdq rdpid movdiri movdir64b fsrm md_clear serialize flush_l1d arch_capabilities
vmx flags	: vnmi invvpid ept_x_only ept_ad ept_1gb tsc_offset vtpr ept vpid unrestricted_guest ept_mode_based_exec tsc_scaling usr_wait_pause
bugs		: spectre_v1 spectre_v2 spec_store_bypass swapgs retbleed eibrs_pbrsb rfds bhi
bogomips	: 4992.00
clflush size	: 64
cache_alignment	: 64
address sizes	: 39 bits physical, 48 bits virtual
power management:

processor	: 3
vendor_id	: GenuineIntel
cpu family	: 6
model		: 183
model name	: Intel(R) Core(TM) i5-14400F
stepping	: 1
microcode	: 0xffffffff
cpu MHz		: 2496.001
cache size	: 20480 KB
physical id	: 0
siblings	: 16
core id		: 1
cpu cores	: 8
apicid		: 3
initial apicid	: 3
fpu		: yes
fpu_exception	: yes
cpuid level	: 28
wp		: yes
flags		: fpu vme de pse tsc msr pae mce cx8 apic sep mtrr pge mca cmov pat pse36 clflush mmx fxsr sse sse2 ss ht syscall nx pdpe1gb rdtscp lm constant_tsc rep_good nopl xtopology tsc_reliable nonstop_tsc cpuid tsc_known_freq pni pclmulqdq vmx ssse3 fma cx16 pcid sse4_1 sse4_2 x2apic movbe popcnt tsc_deadline_timer aes xsave avx f16c rdrand hypervisor lahf_lm abm 3dnowprefetch ssbd ibrs ibpb stibp ibrs_enhanced tpr_shadow ept vpid ept_ad fsgsbase tsc_adjust bmi1 avx2 smep bmi2 erms invpcid rdseed adx smap clflushopt clwb sha_ni xsaveopt xsavec xgetbv1 xsaves avx_vnni vnmi umip waitpkg gfni vaes vpclmulqdq rdpid movdiri movdir64b fsrm md_clear serialize flush_l1d arch_capabilities
vmx flags	: vnmi invvpid ept_x_only ept_ad ept_1gb tsc_offset vtpr ept vpid unrestricted_guest ept_mode_based_exec tsc_scaling usr_wait_pause
bugs		: spectre_v1 spectre_v2 spec_store_bypass swapgs retbleed eibrs_pbrsb rfds bhi
bogomips	: 4992.00
clflush size	: 64
cache_alignment	: 64
address sizes	: 39 bits physical, 48 bits virtual
power management:

processor	: 4
vendor_id	: GenuineIntel
cpu family	: 6
model		: 183
model name	: Intel(R) Core(TM) i5-14400F
stepping	: 1
microcode	: 0xffffffff
cpu MHz		: 2496.001
cache size	: 20480 KB
physical id	: 0
siblings	: 16
core id		: 2
cpu cores	: 8
apicid		: 4
initial apicid	: 4
fpu		: yes
fpu_exception	: yes
cpuid level	: 28
wp		: yes
flags		: fpu vme de pse tsc msr pae mce cx8 apic sep mtrr pge mca cmov pat pse36 clflush mmx fxsr sse sse2 ss ht syscall nx pdpe1gb rdtscp lm constant_tsc rep_good nopl xtopology tsc_reliable nonstop_tsc cpuid tsc_known_freq pni pclmulqdq vmx ssse3 fma cx16 pcid sse4_1 sse4_2 x2apic movbe popcnt tsc_deadline_timer aes xsave avx f16c rdrand hypervisor lahf_lm abm 3dnowprefetch ssbd ibrs ibpb stibp ibrs_enhanced tpr_shadow ept vpid ept_ad fsgsbase tsc_adjust bmi1 avx2 smep bmi2 erms invpcid rdseed adx smap clflushopt clwb sha_ni xsaveopt xsavec xgetbv1 xsaves avx_vnni vnmi umip waitpkg gfni vaes vpclmulqdq rdpid movdiri movdir64b fsrm md_clear serialize flush_l1d arch_capabilities
vmx flags	: vnmi invvpid ept_x_only ept_ad ept_1gb tsc_offset vtpr ept vpid unrestricted_guest ept_mode_based_exec tsc_scaling usr_wait_pause
bugs		: spectre_v1 spectre_v2 spec_store_bypass swapgs retbleed eibrs_pbrsb rfds bhi
bogomips	: 4992.00
clflush size	: 64
cache_alignment	: 64
address sizes	: 39 bits physical, 48 bits virtual
power management:

processor	: 5
vendor_id	: GenuineIntel
cpu family	: 6
model		: 183
model name	: Intel(R) Core(TM) i5-14400F
stepping	: 1
microcode	: 0xffffffff
cpu MHz		: 2496.001
cache size	: 20480 KB
physical id	: 0
siblings	: 16
core id		: 2
cpu cores	: 8
apicid		: 5
initial apicid	: 5
fpu		: yes
fpu_exception	: yes
cpuid level	: 28
wp		: yes
flags		: fpu vme de pse tsc msr pae mce cx8 apic sep mtrr pge mca cmov pat pse36 clflush mmx fxsr sse sse2 ss ht syscall nx pdpe1gb rdtscp lm constant_tsc rep_good nopl xtopology tsc_reliable nonstop_tsc cpuid tsc_known_freq pni pclmulqdq vmx ssse3 fma cx16 pcid sse4_1 sse4_2 x2apic movbe popcnt tsc_deadline_timer aes xsave avx f16c rdrand hypervisor lahf_lm abm 3dnowprefetch ssbd ibrs ibpb stibp ibrs_enhanced tpr_shadow ept vpid ept_ad fsgsbase tsc_adjust bmi1 avx2 smep bmi2 erms invpcid rdseed adx smap clflushopt clwb sha_ni xsaveopt xsavec xgetbv1 xsaves avx_vnni vnmi umip waitpkg gfni vaes vpclmulqdq rdpid movdiri movdir64b fsrm md_clear serialize flush_l1d arch_capabilities
vmx flags	: vnmi invvpid ept_x_only ept_ad ept_1gb tsc_offset vtpr ept vpid unrestricted_guest ept_mode_based_exec tsc_scaling usr_wait_pause
bugs		: spectre_v1 spectre_v2 spec_store_bypass swapgs retbleed eibrs_pbrsb rfds bhi
bogomips	: 4992.00
clflush size	: 64
cache_alignment	: 64
address sizes	: 39 bits physical, 48 bits virtual
power management:

processor	: 6
vendor_id	: GenuineIntel
cpu family	: 6
model		: 183
model name	: Intel(R) Core(TM) i5-14400F
stepping	: 1
microcode	: 0xffffffff
cpu MHz		: 2496.001
cache size	: 20480 KB
physical id	: 0
siblings	: 16
core id		: 3
cpu cores	: 8
apicid		: 6
initial apicid	: 6
fpu		: yes
fpu_exception	: yes
cpuid level	: 28
wp		: yes
flags		: fpu vme de pse tsc msr pae mce cx8 apic sep mtrr pge mca cmov pat pse36 clflush mmx fxsr sse sse2 ss ht syscall nx pdpe1gb rdtscp lm constant_tsc rep_good nopl xtopology tsc_reliable nonstop_tsc cpuid tsc_known_freq pni pclmulqdq vmx ssse3 fma cx16 pcid sse4_1 sse4_2 x2apic movbe popcnt tsc_deadline_timer aes xsave avx f16c rdrand hypervisor lahf_lm abm 3dnowprefetch ssbd ibrs ibpb stibp ibrs_enhanced tpr_shadow ept vpid ept_ad fsgsbase tsc_adjust bmi1 avx2 smep bmi2 erms invpcid rdseed adx smap clflushopt clwb sha_ni xsaveopt xsavec xgetbv1 xsaves avx_vnni vnmi umip waitpkg gfni vaes vpclmulqdq rdpid movdiri movdir64b fsrm md_clear serialize flush_l1d arch_capabilities
vmx flags	: vnmi invvpid ept_x_only ept_ad ept_1gb tsc_offset vtpr ept vpid unrestricted_guest ept_mode_based_exec tsc_scaling usr_wait_pause
bugs		: spectre_v1 spectre_v2 spec_store_bypass swapgs retbleed eibrs_pbrsb rfds bhi
bogomips	: 4992.00
clflush size	: 64
cache_alignment	: 64
address sizes	: 39 bits physical, 48 bits virtual
power management:

processor	: 7
vendor_id	: GenuineIntel
cpu family	: 6
model		: 183
model name	: Intel(R) Core(TM) i5-14400F
stepping	: 1
microcode	: 0xffffffff
cpu MHz		: 2496.001
cache size	: 20480 KB
physical id	: 0
siblings	: 16
core id		: 3
cpu cores	: 8
apicid		: 7
initial apicid	: 7
fpu		: yes
fpu_exception	: yes
cpuid level	: 28
wp		: yes
flags		: fpu vme de pse tsc msr pae mce cx8 apic sep mtrr pge mca cmov pat pse36 clflush mmx fxsr sse sse2 ss ht syscall nx pdpe1gb rdtscp lm constant_tsc rep_good nopl xtopology tsc_reliable nonstop_tsc cpuid tsc_known_freq pni pclmulqdq vmx ssse3 fma cx16 pcid sse4_1 sse4_2 x2apic movbe popcnt tsc_deadline_timer aes xsave avx f16c rdrand hypervisor lahf_lm abm 3dnowprefetch ssbd ibrs ibpb stibp ibrs_enhanced tpr_shadow ept vpid ept_ad fsgsbase tsc_adjust bmi1 avx2 smep bmi2 erms invpcid rdseed adx smap clflushopt clwb sha_ni xsaveopt xsavec xgetbv1 xsaves avx_vnni vnmi umip waitpkg gfni vaes vpclmulqdq rdpid movdiri movdir64b fsrm md_clear serialize flush_l1d arch_capabilities
vmx flags	: vnmi invvpid ept_x_only ept_ad ept_1gb tsc_offset vtpr ept vpid unrestricted_guest ept_mode_based_exec tsc_scaling usr_wait_pause
bugs		: spectre_v1 spectre_v2 spec_store_bypass swapgs retbleed eibrs_pbrsb rfds bhi
bogomips	: 4992.00
clflush size	: 64
cache_alignment	: 64
address sizes	: 39 bits physical, 48 bits virtual
power management:

processor	: 8
vendor_id	: GenuineIntel
cpu family	: 6
model		: 183
model name	: Intel(R) Core(TM) i5-14400F
stepping	: 1
microcode	: 0xffffffff
cpu MHz		: 2496.001
cache size	: 20480 KB
physical id	: 0
siblings	: 16
core id		: 4
cpu cores	: 8
apicid		: 8
initial apicid	: 8
fpu		: yes
fpu_exception	: yes
cpuid level	: 28
wp		: yes
flags		: fpu vme de pse tsc msr pae mce cx8 apic sep mtrr pge mca cmov pat pse36 clflush mmx fxsr sse sse2 ss ht syscall nx pdpe1gb rdtscp lm constant_tsc rep_good nopl xtopology tsc_reliable nonstop_tsc cpuid tsc_known_freq pni pclmulqdq vmx ssse3 fma cx16 pcid sse4_1 sse4_2 x2apic movbe popcnt tsc_deadline_timer aes xsave avx f16c rdrand hypervisor lahf_lm abm 3dnowprefetch ssbd ibrs ibpb stibp ibrs_enhanced tpr_shadow ept vpid ept_ad fsgsbase tsc_adjust bmi1 avx2 smep bmi2 erms invpcid rdseed adx smap clflushopt clwb sha_ni xsaveopt xsavec xgetbv1 xsaves avx_vnni vnmi umip waitpkg gfni vaes vpclmulqdq rdpid movdiri movdir64b fsrm md_clear serialize flush_l1d arch_capabilities
vmx flags	: vnmi invvpid ept_x_only ept_ad ept_1gb tsc_offset vtpr ept vpid unrestricted_guest ept_mode_based_exec tsc_scaling usr_wait_pause
bugs		: spectre_v1 spectre_v2 spec_store_bypass swapgs retbleed eibrs_pbrsb rfds bhi
bogomips	: 4992.00
clflush size	: 64
cache_alignment	: 64
address sizes	: 39 bits physical, 48 bits virtual
power management:

processor	: 9
vendor_id	: GenuineIntel
cpu family	: 6
model		: 183
model name	: Intel(R) Core(TM) i5-14400F
stepping	: 1
microcode	: 0xffffffff
cpu MHz		: 2496.001
cache size	: 20480 KB
physical id	: 0
siblings	: 16
core id		: 4
cpu cores	: 8
apicid		: 9
initial apicid	: 9
fpu		: yes
fpu_exception	: yes
cpuid level	: 28
wp		: yes
flags		: fpu vme de pse tsc msr pae mce cx8 apic sep mtrr pge mca cmov pat pse36 clflush mmx fxsr sse sse2 ss ht syscall nx pdpe1gb rdtscp lm constant_tsc rep_good nopl xtopology tsc_reliable nonstop_tsc cpuid tsc_known_freq pni pclmulqdq vmx ssse3 fma cx16 pcid sse4_1 sse4_2 x2apic movbe popcnt tsc_deadline_timer aes xsave avx f16c rdrand hypervisor lahf_lm abm 3dnowprefetch ssbd ibrs ibpb stibp ibrs_enhanced tpr_shadow ept vpid ept_ad fsgsbase tsc_adjust bmi1 avx2 smep bmi2 erms invpcid rdseed adx smap clflushopt clwb sha_ni xsaveopt xsavec xgetbv1 xsaves avx_vnni vnmi umip waitpkg gfni vaes vpclmulqdq rdpid movdiri movdir64b fsrm md_clear serialize flush_l1d arch_capabilities
vmx flags	: vnmi invvpid ept_x_only ept_ad ept_1gb tsc_offset vtpr ept vpid unrestricted_guest ept_mode_based_exec tsc_scaling usr_wait_pause
bugs		: spectre_v1 spectre_v2 spec_store_bypass swapgs retbleed eibrs_pbrsb rfds bhi
bogomips	: 4992.00
clflush size	: 64
cache_alignment	: 64
address sizes	: 39 bits physical, 48 bits virtual
power management:

processor	: 10
vendor_id	: GenuineIntel
cpu family	: 6
model		: 183
model name	: Intel(R) Core(TM) i5-14400F
stepping	: 1
microcode	: 0xffffffff
cpu MHz		: 2496.001
cache size	: 20480 KB
physical id	: 0
siblings	: 16
core id		: 5
cpu cores	: 8
apicid		: 10
initial apicid	: 10
fpu		: yes
fpu_exception	: yes
cpuid level	: 28
wp		: yes
flags		: fpu vme de pse tsc msr pae mce cx8 apic sep mtrr pge mca cmov pat pse36 clflush mmx fxsr sse sse2 ss ht syscall nx pdpe1gb rdtscp lm constant_tsc rep_good nopl xtopology tsc_reliable nonstop_tsc cpuid tsc_known_freq pni pclmulqdq vmx ssse3 fma cx16 pcid sse4_1 sse4_2 x2apic movbe popcnt tsc_deadline_timer aes xsave avx f16c rdrand hypervisor lahf_lm abm 3dnowprefetch ssbd ibrs ibpb stibp ibrs_enhanced tpr_shadow ept vpid ept_ad fsgsbase tsc_adjust bmi1 avx2 smep bmi2 erms invpcid rdseed adx smap clflushopt clwb sha_ni xsaveopt xsavec xgetbv1 xsaves avx_vnni vnmi umip waitpkg gfni vaes vpclmulqdq rdpid movdiri movdir64b fsrm md_clear serialize flush_l1d arch_capabilities
vmx flags	: vnmi invvpid ept_x_only ept_ad ept_1gb tsc_offset vtpr ept vpid unrestricted_guest ept_mode_based_exec tsc_scaling usr_wait_pause
bugs		: spectre_v1 spectre_v2 spec_store_bypass swapgs retbleed eibrs_pbrsb rfds bhi
bogomips	: 4992.00
clflush size	: 64
cache_alignment	: 64
address sizes	: 39 bits physical, 48 bits virtual
power management:

processor	: 11
vendor_id	: GenuineIntel
cpu family	: 6
model		: 183
model name	: Intel(R) Core(TM) i5-14400F
stepping	: 1
microcode	: 0xffffffff
cpu MHz		: 2496.001
cache size	: 20480 KB
physical id	: 0
siblings	: 16
core id		: 5
cpu cores	: 8
apicid		: 11
initial apicid	: 11
fpu		: yes
fpu_exception	: yes
cpuid level	: 28
wp		: yes
flags		: fpu vme de pse tsc msr pae mce cx8 apic sep mtrr pge mca cmov pat pse36 clflush mmx fxsr sse sse2 ss ht syscall nx pdpe1gb rdtscp lm constant_tsc rep_good nopl xtopology tsc_reliable nonstop_tsc cpuid tsc_known_freq pni pclmulqdq vmx ssse3 fma cx16 pcid sse4_1 sse4_2 x2apic movbe popcnt tsc_deadline_timer aes xsave avx f16c rdrand hypervisor lahf_lm abm 3dnowprefetch ssbd ibrs ibpb stibp ibrs_enhanced tpr_shadow ept vpid ept_ad fsgsbase tsc_adjust bmi1 avx2 smep bmi2 erms invpcid rdseed adx smap clflushopt clwb sha_ni xsaveopt xsavec xgetbv1 xsaves avx_vnni vnmi umip waitpkg gfni vaes vpclmulqdq rdpid movdiri movdir64b fsrm md_clear serialize flush_l1d arch_capabilities
vmx flags	: vnmi invvpid ept_x_only ept_ad ept_1gb tsc_offset vtpr ept vpid unrestricted_guest ept_mode_based_exec tsc_scaling usr_wait_pause
bugs		: spectre_v1 spectre_v2 spec_store_bypass swapgs retbleed eibrs_pbrsb rfds bhi
bogomips	: 4992.00
clflush size	: 64
cache_alignment	: 64
address sizes	: 39 bits physical, 48 bits virtual
power management:

processor	: 12
vendor_id	: GenuineIntel
cpu family	: 6
model		: 183
model name	: Intel(R) Core(TM) i5-14400F
stepping	: 1
microcode	: 0xffffffff
cpu MHz		: 2496.001
cache size	: 20480 KB
physical id	: 0
siblings	: 16
core id		: 6
cpu cores	: 8
apicid		: 12
initial apicid	: 12
fpu		: yes
fpu_exception	: yes
cpuid level	: 28
wp		: yes
flags		: fpu vme de pse tsc msr pae mce cx8 apic sep mtrr pge mca cmov pat pse36 clflush mmx fxsr sse sse2 ss ht syscall nx pdpe1gb rdtscp lm constant_tsc rep_good nopl xtopology tsc_reliable nonstop_tsc cpuid tsc_known_freq pni pclmulqdq vmx ssse3 fma cx16 pcid sse4_1 sse4_2 x2apic movbe popcnt tsc_deadline_timer aes xsave avx f16c rdrand hypervisor lahf_lm abm 3dnowprefetch ssbd ibrs ibpb stibp ibrs_enhanced tpr_shadow ept vpid ept_ad fsgsbase tsc_adjust bmi1 avx2 smep bmi2 erms invpcid rdseed adx smap clflushopt clwb sha_ni xsaveopt xsavec xgetbv1 xsaves avx_vnni vnmi umip waitpkg gfni vaes vpclmulqdq rdpid movdiri movdir64b fsrm md_clear serialize flush_l1d arch_capabilities
vmx flags	: vnmi invvpid ept_x_only ept_ad ept_1gb tsc_offset vtpr ept vpid unrestricted_guest ept_mode_based_exec tsc_scaling usr_wait_pause
bugs		: spectre_v1 spectre_v2 spec_store_bypass swapgs retbleed eibrs_pbrsb rfds bhi
bogomips	: 4992.00
clflush size	: 64
cache_alignment	: 64
address sizes	: 39 bits physical, 48 bits virtual
power management:

processor	: 13
vendor_id	: GenuineIntel
cpu family	: 6
model		: 183
model name	: Intel(R) Core(TM) i5-14400F
stepping	: 1
microcode	: 0xffffffff
cpu MHz		: 2496.001
cache size	: 20480 KB
physical id	: 0
siblings	: 16
core id		: 6
cpu cores	: 8
apicid		: 13
initial apicid	: 13
fpu		: yes
fpu_exception	: yes
cpuid level	: 28
wp		: yes
flags		: fpu vme de pse tsc msr pae mce cx8 apic sep mtrr pge mca cmov pat pse36 clflush mmx fxsr sse sse2 ss ht syscall nx pdpe1gb rdtscp lm constant_tsc rep_good nopl xtopology tsc_reliable nonstop_tsc cpuid tsc_known_freq pni pclmulqdq vmx ssse3 fma cx16 pcid sse4_1 sse4_2 x2apic movbe popcnt tsc_deadline_timer aes xsave avx f16c rdrand hypervisor lahf_lm abm 3dnowprefetch ssbd ibrs ibpb stibp ibrs_enhanced tpr_shadow ept vpid ept_ad fsgsbase tsc_adjust bmi1 avx2 smep bmi2 erms invpcid rdseed adx smap clflushopt clwb sha_ni xsaveopt xsavec xgetbv1 xsaves avx_vnni vnmi umip waitpkg gfni vaes vpclmulqdq rdpid movdiri movdir64b fsrm md_clear serialize flush_l1d arch_capabilities
vmx flags	: vnmi invvpid ept_x_only ept_ad ept_1gb tsc_offset vtpr ept vpid unrestricted_guest ept_mode_based_exec tsc_scaling usr_wait_pause
bugs		: spectre_v1 spectre_v2 spec_store_bypass swapgs retbleed eibrs_pbrsb rfds bhi
bogomips	: 4992.00
clflush size	: 64
cache_alignment	: 64
address sizes	: 39 bits physical, 48 bits virtual
power management:

processor	: 14
vendor_id	: GenuineIntel
cpu family	: 6
model		: 183
model name	: Intel(R) Core(TM) i5-14400F
stepping	: 1
microcode	: 0xffffffff
cpu MHz		: 2496.001
cache size	: 20480 KB
physical id	: 0
siblings	: 16
core id		: 7
cpu cores	: 8
apicid		: 14
initial apicid	: 14
fpu		: yes
fpu_exception	: yes
cpuid level	: 28
wp		: yes
flags		: fpu vme de pse tsc msr pae mce cx8 apic sep mtrr pge mca cmov pat pse36 clflush mmx fxsr sse sse2 ss ht syscall nx pdpe1gb rdtscp lm constant_tsc rep_good nopl xtopology tsc_reliable nonstop_tsc cpuid tsc_known_freq pni pclmulqdq vmx ssse3 fma cx16 pcid sse4_1 sse4_2 x2apic movbe popcnt tsc_deadline_timer aes xsave avx f16c rdrand hypervisor lahf_lm abm 3dnowprefetch ssbd ibrs ibpb stibp ibrs_enhanced tpr_shadow ept vpid ept_ad fsgsbase tsc_adjust bmi1 avx2 smep bmi2 erms invpcid rdseed adx smap clflushopt clwb sha_ni xsaveopt xsavec xgetbv1 xsaves avx_vnni vnmi umip waitpkg gfni vaes vpclmulqdq rdpid movdiri movdir64b fsrm md_clear serialize flush_l1d arch_capabilities
vmx flags	: vnmi invvpid ept_x_only ept_ad ept_1gb tsc_offset vtpr ept vpid unrestricted_guest ept_mode_based_exec tsc_scaling usr_wait_pause
bugs		: spectre_v1 spectre_v2 spec_store_bypass swapgs retbleed eibrs_pbrsb rfds bhi
bogomips	: 4992.00
clflush size	: 64
cache_alignment	: 64
address sizes	: 39 bits physical, 48 bits virtual
power management:

processor	: 15
vendor_id	: GenuineIntel
cpu family	: 6
model		: 183
model name	: Intel(R) Core(TM) i5-14400F
stepping	: 1
microcode	: 0xffffffff
cpu MHz		: 2496.001
cache size	: 20480 KB
physical id	: 0
siblings	: 16
core id		: 7
cpu cores	: 8
apicid		: 15
initial apicid	: 15
fpu		: yes
fpu_exception	: yes
cpuid level	: 28
wp		: yes
flags		: fpu vme de pse tsc msr pae mce cx8 apic sep mtrr pge mca cmov pat pse36 clflush mmx fxsr sse sse2 ss ht syscall nx pdpe1gb rdtscp lm constant_tsc rep_good nopl xtopology tsc_reliable nonstop_tsc cpuid tsc_known_freq pni pclmulqdq vmx ssse3 fma cx16 pcid sse4_1 sse4_2 x2apic movbe popcnt tsc_deadline_timer aes xsave avx f16c rdrand hypervisor lahf_lm abm 3dnowprefetch ssbd ibrs ibpb stibp ibrs_enhanced tpr_shadow ept vpid ept_ad fsgsbase tsc_adjust bmi1 avx2 smep bmi2 erms invpcid rdseed adx smap clflushopt clwb sha_ni xsaveopt xsavec xgetbv1 xsaves avx_vnni vnmi umip waitpkg gfni vaes vpclmulqdq rdpid movdiri movdir64b fsrm md_clear serialize flush_l1d arch_capabilities
vmx flags	: vnmi invvpid ept_x_only ept_ad ept_1gb tsc_offset vtpr ept vpid unrestricted_guest ept_mode_based_exec tsc_scaling usr_wait_pause
bugs		: spectre_v1 spectre_v2 spec_store_bypass swapgs retbleed eibrs_pbrsb rfds bhi
bogomips	: 4992.00
clflush size	: 64
cache_alignment	: 64
address sizes	: 39 bits physical, 48 bits virtual
power management:



Memory: 4k page, physical 16289976k(15353812k free), swap 4194304k(4194304k free)

vm_info: OpenJDK 64-Bit Server VM (25.482-b08) for linux-amd64 JRE (1.8.0_482-8u482-ga~us1-0ubuntu1~24.04-b08), built on Jan 25 2026 21:06:07 by "buildd" with gcc 13.3.0

time: Thu Feb 19 17:30:09 2026
timezone: KST
elapsed time: 10.427407 seconds (0d 0h 0m 10s)

